2016.04.27 19:04:31.448 DEBUG:    Log level was set to: DEBUG [init]
2016.04.27 19:04:31.448 DEBUG:    Init OpenHome UPNP Control Stack [init]
2016.04.27 19:04:31.448 INFO:     Network adapter name not specified! Raumkernel will use the first one found! [init]
2016.04.27 19:04:31.449 DEBUG:    Retrieve network adapter list [init]
2016.04.27 19:04:31.449 DEBUG:    Adapter 0: enp0s3 [init]
2016.04.27 19:04:31.449 DEBUG:    Using Network Adapter : enp0s3 [init]
2016.04.27 19:04:31.449 DEBUG:    Getting IP-Subnet of adapter [init]
2016.04.27 19:04:31.449 INFO:     Starting OpenHome UPNP Control Stack with network adapter: enp0s3 [init]
2016.04.27 19:04:31.450 WARNING:  UPNP refresh time is not set. Will use Standard value of 5000ms [discover]
2016.04.27 19:04:31.450 DEBUG:    Starting UPNP-Stack auto referesh thread [discover]
2016.04.27 19:04:31.450 INFO:     Kernel initialized! Waiting for Raumfeld System to appear! [init]
2016.04.27 19:04:31.450 DEBUG:    Preparing Server-Manager-Engineer... [init]
2016.04.27 19:04:31.450 DEBUG:    Create RequestActionManager-Manager... [createManagers]
2016.04.27 19:04:31.450 DEBUG:    Raumserver Manager-Engineer is prepared [init]
2016.04.27 19:04:31.450 DEBUG:    Starting webserver for requests on port: 8080 [start]
2016.04.27 19:04:31.460 INFO:     Webserver for requests started (Port: 8080) [start]
2016.04.27 19:04:31.773 DEBUG:    UPNP Device found: Speaker Schlafzimmer(bf905eb0-635d-40f7-8fdc-d888940503d2) [onDeviceFound]
2016.04.27 19:04:31.773 DEBUG:    Adding device 'Speaker Schlafzimmer' to manager [addDevice]
2016.04.27 19:04:31.773 DEBUG:    Try to create device from device XML [createDeviceFromDeviceXML]
2016.04.27 19:04:31.773 DEBUG:    Createing device (uuid:bf905eb0-635d-40f7-8fdc-d888940503d2) [createDeviceFromDeviceXML]
2016.04.27 19:04:31.773 DEBUG:    Media Renderer device created (uuid:bf905eb0-635d-40f7-8fdc-d888940503d2) [createDeviceFromDeviceXML]
2016.04.27 19:04:31.773 DEBUG:    Create AVTransport-Proxy for media renderer uuid:bf905eb0-635d-40f7-8fdc-d888940503d2 [createProxies]
2016.04.27 19:04:31.773 DEBUG:    Create RenderingControl-Proxy for media renderer uuid:bf905eb0-635d-40f7-8fdc-d888940503d2 [createProxies]
2016.04.27 19:04:31.774 DEBUG:    Create ConnectionManager-Proxy for media renderer uuid:bf905eb0-635d-40f7-8fdc-d888940503d2 [createProxies]
2016.04.27 19:04:31.774 DEBUG:    Media Renderer 'Speaker Schlafzimmer' is now useable! [addDevice]
2016.04.27 19:04:31.888 DEBUG:    A property on AvTransport proxy has changed (Device: uuid:bf905eb0-635d-40f7-8fdc-d888940503d2) [propertyChangedAvTransportProxy]
2016.04.27 19:04:31.888 DEBUG:    A property on AvTransport proxy has changed (Device: uuid:bf905eb0-635d-40f7-8fdc-d888940503d2) [propertyChangedAvTransportProxy]
2016.04.27 19:04:31.888 DEBUG:    A property on AvTransport proxy has changed (Device: uuid:bf905eb0-635d-40f7-8fdc-d888940503d2) [propertyChangedAvTransportProxy]
2016.04.27 19:04:31.904 DEBUG:    A property on RenderingControl proxy has changed (Device: uuid:bf905eb0-635d-40f7-8fdc-d888940503d2) [propertyChangedRenderingControlProxy]
2016.04.27 19:04:31.904 DEBUG:    A property on RenderingControl proxy has changed (Device: uuid:bf905eb0-635d-40f7-8fdc-d888940503d2) [propertyChangedRenderingControlProxy]
2016.04.27 19:04:31.904 DEBUG:    A property on RenderingControl proxy has changed (Device: uuid:bf905eb0-635d-40f7-8fdc-d888940503d2) [propertyChangedRenderingControlProxy]
2016.04.27 19:04:32.216 DEBUG:    UPNP Device found: Raumfeld ConfigDevice(988375f7-b64e-4f52-b750-5af902a3e502) [onDeviceFound]
2016.04.27 19:04:32.216 DEBUG:    Adding device 'Raumfeld ConfigDevice' to manager [addDevice]
2016.04.27 19:04:32.216 DEBUG:    Try to create device from device XML [createDeviceFromDeviceXML]
2016.04.27 19:04:32.217 DEBUG:    No device was created for uuid:988375f7-b64e-4f52-b750-5af902a3e502. Device is not usable! [createDeviceFromDeviceXML]
2016.04.27 19:04:32.236 DEBUG:    UPNP Device found: Raumfeld Device(3cdc0e3e-c175-4a42-9594-6a3c7843a4c6) [onDeviceFound]
2016.04.27 19:04:32.236 DEBUG:    Adding device 'Raumfeld Device' to manager [addDevice]
2016.04.27 19:04:32.237 DEBUG:    Try to create device from device XML [createDeviceFromDeviceXML]
2016.04.27 19:04:32.237 DEBUG:    No device was created for uuid:3cdc0e3e-c175-4a42-9594-6a3c7843a4c6. Device is not usable! [createDeviceFromDeviceXML]
2016.04.27 19:04:32.467 DEBUG:    UPNP Device found: 300Mbps Wireless N Gigabit ADSL2+ Modem Router TD-W8970(9f0865b3-f5da-4ad5-85b7-7404637fdf37) [onDeviceFound]
2016.04.27 19:04:32.467 DEBUG:    Adding device '300Mbps Wireless N Gigabit ADSL2+ Modem Router TD-W8970' to manager [addDevice]
2016.04.27 19:04:32.467 DEBUG:    Try to create device from device XML [createDeviceFromDeviceXML]
2016.04.27 19:04:32.467 DEBUG:    No device was created for uuid:9f0865b3-f5da-4ad5-85b7-7404637fdf37. Device is not usable! [createDeviceFromDeviceXML]
2016.04.27 19:04:32.567 DEBUG:    UPNP Device found: Raumfeld MediaServer(f9fb29f4-334d-4a94-afcf-8b382982a9bd) [onDeviceFound]
2016.04.27 19:04:32.567 DEBUG:    Adding device 'Raumfeld MediaServer' to manager [addDevice]
2016.04.27 19:04:32.567 DEBUG:    Try to create device from device XML [createDeviceFromDeviceXML]
2016.04.27 19:04:32.567 DEBUG:    Media Server device created (uuid:f9fb29f4-334d-4a94-afcf-8b382982a9bd) [createDeviceFromDeviceXML]
2016.04.27 19:04:32.567 DEBUG:    Create ContentDirectory-Proxy for media server uuid:f9fb29f4-334d-4a94-afcf-8b382982a9bd [createProxies]
2016.04.27 19:04:32.567 DEBUG:    Create ConnectionManager-Proxy for media server uuid:f9fb29f4-334d-4a94-afcf-8b382982a9bd [createProxies]
2016.04.27 19:04:32.567 DEBUG:    Media Server 'Raumfeld MediaServer' is now useable! [addDevice]
2016.04.27 19:04:32.567 DEBUG:    Starting all automatic requests of zone manager! [startZoneRequests]
2016.04.27 19:04:32.567 DEBUG:    Get zone configuration with updateId:  [doGetZoneRequest]
2016.04.27 19:04:32.568 DEBUG:    Try to create new request: http://10.0.0.1:47365/getZones [request]
2016.04.27 19:04:32.568 DEBUG:    Request '8104014' (http://10.0.0.1:47365/getZones) started [request]
2016.04.27 19:04:32.568 INFO:     Raumfeld System is now online! [onRaumfeldSystemOnline]
2016.04.27 19:04:32.592 DEBUG:    Redirection to url 'http://10.0.0.1:47365/4b8f3c2d-5a5d-48e3-820b-e898f3249b8e/getZones' found! Do redirect request 8104014 [requestHandlerThread]
2016.04.27 19:04:32.592 DEBUG:    Aborting current request [requestHandlerThread]
2016.04.27 19:04:32.614 DEBUG:    Aborting of request object thread done! [requestHandlerThread]
2016.04.27 19:04:32.675 DEBUG:    Emitting signal for finished requests [requestHandlerThread]
2016.04.27 19:04:32.675 DEBUG:    Zone configuration request finished [zoneRequestFinished]
2016.04.27 19:04:32.675 DEBUG:    Parsing zone configuration XML [parseZoneConfiguration]
2016.04.27 19:04:32.675 DEBUG:    Found zone in XML -> Parse! [parseZoneConfiguration]
2016.04.27 19:04:32.675 DEBUG:    Parsing zone node... [addZoneInformationFromXmlNode]
2016.04.27 19:04:32.676 DEBUG:    Parsing zone node... [addZoneInformationFromXmlNode]
2016.04.27 19:04:32.676 DEBUG:    Found unassignedRooms in XML -> Parse! [parseZoneConfiguration]
2016.04.27 19:04:32.676 DEBUG:    Signaling one configuration changed! [parseZoneConfiguration]
2016.04.27 19:04:32.676 DEBUG:    Parsing zone configuration XML finished [parseZoneConfiguration]
2016.04.27 19:04:32.676 DEBUG:    Get zone configuration with updateId: 3799877761 [doGetZoneRequest]
2016.04.27 19:04:32.676 DEBUG:    Try to create new request: http://10.0.0.1:47365/getZones [request]
2016.04.27 19:04:32.676 DEBUG:    Request '8104015' (http://10.0.0.1:47365/getZones) started [request]
2016.04.27 19:04:32.676 DEBUG:    Emitting signal for finished requests finished [requestHandlerThread]
2016.04.27 19:04:32.676 DEBUG:    Clearing finished requests list [requestHandlerThread]
2016.04.27 19:04:32.676 DEBUG:    Delete request '8104014' from pending list [cleanupRequests]
2016.04.27 19:04:32.678 DEBUG:    Requests cleaned up! Count: 1 [cleanupRequests]
2016.04.27 19:04:32.721 DEBUG:    Redirection to url 'http://10.0.0.1:47365/20d1aee7-b9b7-430f-bce4-929135672dd4/getZones' found! Do redirect request 8104015 [requestHandlerThread]
2016.04.27 19:04:32.722 DEBUG:    Aborting current request [requestHandlerThread]
2016.04.27 19:04:32.726 DEBUG:    Aborting of request object thread done! [requestHandlerThread]
2016.04.27 19:04:32.744 DEBUG:    UPNP Device found: Speaker Bad(41aa6673-745a-481b-b075-28876332af2e) [onDeviceFound]
2016.04.27 19:04:32.744 DEBUG:    Adding device 'Speaker Bad' to manager [addDevice]
2016.04.27 19:04:32.744 DEBUG:    Try to create device from device XML [createDeviceFromDeviceXML]
2016.04.27 19:04:32.744 DEBUG:    Createing device (uuid:41aa6673-745a-481b-b075-28876332af2e) [createDeviceFromDeviceXML]
2016.04.27 19:04:32.744 DEBUG:    Media Renderer device created (uuid:41aa6673-745a-481b-b075-28876332af2e) [createDeviceFromDeviceXML]
2016.04.27 19:04:32.744 DEBUG:    Create AVTransport-Proxy for media renderer uuid:41aa6673-745a-481b-b075-28876332af2e [createProxies]
2016.04.27 19:04:32.745 DEBUG:    Create RenderingControl-Proxy for media renderer uuid:41aa6673-745a-481b-b075-28876332af2e [createProxies]
2016.04.27 19:04:32.745 DEBUG:    Create ConnectionManager-Proxy for media renderer uuid:41aa6673-745a-481b-b075-28876332af2e [createProxies]
2016.04.27 19:04:32.745 DEBUG:    Media Renderer 'Speaker Bad' is now useable! [addDevice]
2016.04.27 19:04:32.801 DEBUG:    A property on AvTransport proxy has changed (Device: uuid:41aa6673-745a-481b-b075-28876332af2e) [propertyChangedAvTransportProxy]
2016.04.27 19:04:32.802 DEBUG:    A property on AvTransport proxy has changed (Device: uuid:41aa6673-745a-481b-b075-28876332af2e) [propertyChangedAvTransportProxy]
2016.04.27 19:04:32.802 DEBUG:    A property on AvTransport proxy has changed (Device: uuid:41aa6673-745a-481b-b075-28876332af2e) [propertyChangedAvTransportProxy]
2016.04.27 19:04:32.808 DEBUG:    A property on RenderingControl proxy has changed (Device: uuid:41aa6673-745a-481b-b075-28876332af2e) [propertyChangedRenderingControlProxy]
2016.04.27 19:04:32.808 DEBUG:    A property on RenderingControl proxy has changed (Device: uuid:41aa6673-745a-481b-b075-28876332af2e) [propertyChangedRenderingControlProxy]
2016.04.27 19:04:32.808 DEBUG:    A property on RenderingControl proxy has changed (Device: uuid:41aa6673-745a-481b-b075-28876332af2e) [propertyChangedRenderingControlProxy]
2016.04.27 19:04:32.882 DEBUG:    UPNP Device found: Raumfeld Device(3b070af8-59b7-484c-b34c-33397d7b3efb) [onDeviceFound]
2016.04.27 19:04:32.882 DEBUG:    Adding device 'Raumfeld Device' to manager [addDevice]
2016.04.27 19:04:32.882 DEBUG:    Try to create device from device XML [createDeviceFromDeviceXML]
2016.04.27 19:04:32.882 DEBUG:    No device was created for uuid:3b070af8-59b7-484c-b34c-33397d7b3efb. Device is not usable! [createDeviceFromDeviceXML]
2016.04.27 19:04:33.007 DEBUG:    UPNP Device found: Connector Wohnzimmer(19f951a5-a33c-4f05-aa42-6ea0bdc25dd4) [onDeviceFound]
2016.04.27 19:04:33.007 DEBUG:    Adding device 'Connector Wohnzimmer' to manager [addDevice]
2016.04.27 19:04:33.007 DEBUG:    Try to create device from device XML [createDeviceFromDeviceXML]
2016.04.27 19:04:33.007 DEBUG:    Createing device (uuid:19f951a5-a33c-4f05-aa42-6ea0bdc25dd4) [createDeviceFromDeviceXML]
2016.04.27 19:04:33.007 DEBUG:    Media Renderer device created (uuid:19f951a5-a33c-4f05-aa42-6ea0bdc25dd4) [createDeviceFromDeviceXML]
2016.04.27 19:04:33.007 DEBUG:    Create AVTransport-Proxy for media renderer uuid:19f951a5-a33c-4f05-aa42-6ea0bdc25dd4 [createProxies]
2016.04.27 19:04:33.007 DEBUG:    Create RenderingControl-Proxy for media renderer uuid:19f951a5-a33c-4f05-aa42-6ea0bdc25dd4 [createProxies]
2016.04.27 19:04:33.008 DEBUG:    Create ConnectionManager-Proxy for media renderer uuid:19f951a5-a33c-4f05-aa42-6ea0bdc25dd4 [createProxies]
2016.04.27 19:04:33.008 DEBUG:    Media Renderer 'Connector Wohnzimmer' is now useable! [addDevice]
2016.04.27 19:04:33.104 DEBUG:    A property on AvTransport proxy has changed (Device: uuid:19f951a5-a33c-4f05-aa42-6ea0bdc25dd4) [propertyChangedAvTransportProxy]
2016.04.27 19:04:33.104 DEBUG:    A property on AvTransport proxy has changed (Device: uuid:19f951a5-a33c-4f05-aa42-6ea0bdc25dd4) [propertyChangedAvTransportProxy]
2016.04.27 19:04:33.104 DEBUG:    A property on AvTransport proxy has changed (Device: uuid:19f951a5-a33c-4f05-aa42-6ea0bdc25dd4) [propertyChangedAvTransportProxy]
2016.04.27 19:04:33.120 DEBUG:    A property on RenderingControl proxy has changed (Device: uuid:19f951a5-a33c-4f05-aa42-6ea0bdc25dd4) [propertyChangedRenderingControlProxy]
2016.04.27 19:04:33.120 DEBUG:    A property on RenderingControl proxy has changed (Device: uuid:19f951a5-a33c-4f05-aa42-6ea0bdc25dd4) [propertyChangedRenderingControlProxy]
2016.04.27 19:04:33.120 DEBUG:    A property on RenderingControl proxy has changed (Device: uuid:19f951a5-a33c-4f05-aa42-6ea0bdc25dd4) [propertyChangedRenderingControlProxy]
2016.04.27 19:04:33.191 DEBUG:    UPNP Device found: Schlafzimmer(1644ca3e-65db-4716-ba9b-70fbb0dc3993) [onDeviceFound]
2016.04.27 19:04:33.191 DEBUG:    Adding device 'Schlafzimmer' to manager [addDevice]
2016.04.27 19:04:33.191 DEBUG:    Try to create device from device XML [createDeviceFromDeviceXML]
2016.04.27 19:04:33.191 DEBUG:    Createing device (uuid:1644ca3e-65db-4716-ba9b-70fbb0dc3993) [createDeviceFromDeviceXML]
2016.04.27 19:04:33.192 DEBUG:    Media Renderer device created (uuid:1644ca3e-65db-4716-ba9b-70fbb0dc3993) [createDeviceFromDeviceXML]
2016.04.27 19:04:33.192 DEBUG:    Create AVTransport-Proxy for media renderer uuid:1644ca3e-65db-4716-ba9b-70fbb0dc3993 [createProxies]
2016.04.27 19:04:33.192 DEBUG:    Create RenderingControl-Proxy for media renderer uuid:1644ca3e-65db-4716-ba9b-70fbb0dc3993 [createProxies]
2016.04.27 19:04:33.192 DEBUG:    Create ConnectionManager-Proxy for media renderer uuid:1644ca3e-65db-4716-ba9b-70fbb0dc3993 [createProxies]
2016.04.27 19:04:33.192 DEBUG:    Media Renderer 'Schlafzimmer' is now useable! [addDevice]
2016.04.27 19:04:33.201 DEBUG:    UPNP Device found: ZBOX: ZBOXMedien:(9dfd1286-91c6-445b-a7c3-abab7ef48f29) [onDeviceFound]
2016.04.27 19:04:33.201 DEBUG:    Adding device 'ZBOX: ZBOXMedien:' to manager [addDevice]
2016.04.27 19:04:33.201 DEBUG:    Try to create device from device XML [createDeviceFromDeviceXML]
2016.04.27 19:04:33.201 DEBUG:    Media Server device created (uuid:9dfd1286-91c6-445b-a7c3-abab7ef48f29) [createDeviceFromDeviceXML]
2016.04.27 19:04:33.201 DEBUG:    Create ContentDirectory-Proxy for media server uuid:9dfd1286-91c6-445b-a7c3-abab7ef48f29 [createProxies]
2016.04.27 19:04:33.202 DEBUG:    Create ConnectionManager-Proxy for media server uuid:9dfd1286-91c6-445b-a7c3-abab7ef48f29 [createProxies]
2016.04.27 19:04:33.202 DEBUG:    Media Server 'ZBOX: ZBOXMedien:' is now useable! [addDevice]
2016.04.27 19:04:33.224 DEBUG:    A property on AvTransport proxy has changed (Device: uuid:1644ca3e-65db-4716-ba9b-70fbb0dc3993) [propertyChangedAvTransportProxy]
2016.04.27 19:04:33.224 ERROR:    TrackMetadata XML is not formated properly! (Missing 'Item' node) [createMediaItemFromTrackMetadata]
2016.04.27 19:04:33.224 DEBUG:    A property on AvTransport proxy has changed (Device: uuid:1644ca3e-65db-4716-ba9b-70fbb0dc3993) [propertyChangedAvTransportProxy]
2016.04.27 19:04:33.224 DEBUG:    A property on AvTransport proxy has changed (Device: uuid:1644ca3e-65db-4716-ba9b-70fbb0dc3993) [propertyChangedAvTransportProxy]
2016.04.27 19:04:33.228 DEBUG:    A property on RenderingControl proxy has changed (Device: uuid:1644ca3e-65db-4716-ba9b-70fbb0dc3993) [propertyChangedRenderingControlProxy]
2016.04.27 19:04:33.228 DEBUG:    A property on RenderingControl proxy has changed (Device: uuid:1644ca3e-65db-4716-ba9b-70fbb0dc3993) [propertyChangedRenderingControlProxy]
2016.04.27 19:04:33.228 DEBUG:    A property on RenderingControl proxy has changed (Device: uuid:1644ca3e-65db-4716-ba9b-70fbb0dc3993) [propertyChangedRenderingControlProxy]
2016.04.27 19:04:33.524 DEBUG:    UPNP Device found: Raumfeld Device(0dc99034-631d-4feb-807e-17085a55e92c) [onDeviceFound]
2016.04.27 19:04:33.524 DEBUG:    Adding device 'Raumfeld Device' to manager [addDevice]
2016.04.27 19:04:33.524 DEBUG:    Try to create device from device XML [createDeviceFromDeviceXML]
2016.04.27 19:04:33.524 DEBUG:    No device was created for uuid:0dc99034-631d-4feb-807e-17085a55e92c. Device is not usable! [createDeviceFromDeviceXML]
2016.04.27 19:04:33.646 DEBUG:    A property on AvTransport proxy has changed (Device: uuid:1644ca3e-65db-4716-ba9b-70fbb0dc3993) [propertyChangedAvTransportProxy]
2016.04.27 19:04:33.646 DEBUG:    A property on AvTransport proxy has changed (Device: uuid:1644ca3e-65db-4716-ba9b-70fbb0dc3993) [propertyChangedAvTransportProxy]
2016.04.27 19:04:33.793 DEBUG:    UPNP Device found: Raumfeld Device(6a1e8f58-beca-4837-b8f0-630941227e34) [onDeviceFound]
2016.04.27 19:04:33.793 DEBUG:    Adding device 'Raumfeld Device' to manager [addDevice]
2016.04.27 19:04:33.793 DEBUG:    Try to create device from device XML [createDeviceFromDeviceXML]
2016.04.27 19:04:33.793 DEBUG:    No device was created for uuid:6a1e8f58-beca-4837-b8f0-630941227e34. Device is not usable! [createDeviceFromDeviceXML]
2016.04.27 19:04:33.996 DEBUG:    UPNP Device found: Bad(e8f87343-d95a-482d-90a8-79f9aab7713b) [onDeviceFound]
2016.04.27 19:04:33.996 DEBUG:    Adding device 'Bad' to manager [addDevice]
2016.04.27 19:04:33.996 DEBUG:    Try to create device from device XML [createDeviceFromDeviceXML]
2016.04.27 19:04:33.996 DEBUG:    Createing device (uuid:e8f87343-d95a-482d-90a8-79f9aab7713b) [createDeviceFromDeviceXML]
2016.04.27 19:04:33.996 DEBUG:    Media Renderer device created (uuid:e8f87343-d95a-482d-90a8-79f9aab7713b) [createDeviceFromDeviceXML]
2016.04.27 19:04:33.996 DEBUG:    Create AVTransport-Proxy for media renderer uuid:e8f87343-d95a-482d-90a8-79f9aab7713b [createProxies]
2016.04.27 19:04:33.996 DEBUG:    Create RenderingControl-Proxy for media renderer uuid:e8f87343-d95a-482d-90a8-79f9aab7713b [createProxies]
2016.04.27 19:04:33.996 DEBUG:    Create ConnectionManager-Proxy for media renderer uuid:e8f87343-d95a-482d-90a8-79f9aab7713b [createProxies]
2016.04.27 19:04:33.996 DEBUG:    Media Renderer 'Bad' is now useable! [addDevice]
2016.04.27 19:04:34.025 DEBUG:    A property on AvTransport proxy has changed (Device: uuid:e8f87343-d95a-482d-90a8-79f9aab7713b) [propertyChangedAvTransportProxy]
2016.04.27 19:04:34.026 DEBUG:    A property on AvTransport proxy has changed (Device: uuid:e8f87343-d95a-482d-90a8-79f9aab7713b) [propertyChangedAvTransportProxy]
2016.04.27 19:04:34.026 DEBUG:    A property on AvTransport proxy has changed (Device: uuid:e8f87343-d95a-482d-90a8-79f9aab7713b) [propertyChangedAvTransportProxy]
2016.04.27 19:04:34.028 DEBUG:    A property on RenderingControl proxy has changed (Device: uuid:e8f87343-d95a-482d-90a8-79f9aab7713b) [propertyChangedRenderingControlProxy]
2016.04.27 19:04:34.028 DEBUG:    A property on RenderingControl proxy has changed (Device: uuid:e8f87343-d95a-482d-90a8-79f9aab7713b) [propertyChangedRenderingControlProxy]
2016.04.27 19:04:34.028 DEBUG:    A property on RenderingControl proxy has changed (Device: uuid:e8f87343-d95a-482d-90a8-79f9aab7713b) [propertyChangedRenderingControlProxy]
2016.04.27 19:04:36.228 DEBUG:    Processing Request: PLAY / :  [requestProcessingWorkerThread]
2016.04.27 19:04:36.228 DEBUG:    Calling 'play' on renderer 'uuid:e8f87343-d95a-482d-90a8-79f9aab7713b' [callAvTransportProxyAction]
2016.04.27 19:04:36.256 DEBUG:    Calling 'play' on renderer 'uuid:1644ca3e-65db-4716-ba9b-70fbb0dc3993' [callAvTransportProxyAction]
2016.04.27 19:04:36.274 DEBUG:    A property on AvTransport proxy has changed (Device: uuid:e8f87343-d95a-482d-90a8-79f9aab7713b) [propertyChangedAvTransportProxy]
2016.04.27 19:04:36.274 DEBUG:    A property on AvTransport proxy has changed (Device: uuid:e8f87343-d95a-482d-90a8-79f9aab7713b) [propertyChangedAvTransportProxy]
2016.04.27 19:04:36.274 DEBUG:    Request duration: 46ms: PLAY / :  [execute]
2016.04.27 19:04:36.274 DEBUG:    Popping Request: PLAY / :  [requestProcessingWorkerThread]
2016.04.27 19:04:36.329 DEBUG:    A property on AvTransport proxy has changed (Device: uuid:1644ca3e-65db-4716-ba9b-70fbb0dc3993) [propertyChangedAvTransportProxy]
2016.04.27 19:04:36.329 DEBUG:    A property on AvTransport proxy has changed (Device: uuid:1644ca3e-65db-4716-ba9b-70fbb0dc3993) [propertyChangedAvTransportProxy]
2016.04.27 19:04:36.453 DEBUG:    Refreshing UPNP device list [refreshDeviceListThread]
2016.04.27 19:04:36.530 DEBUG:    A property on AvTransport proxy has changed (Device: uuid:1644ca3e-65db-4716-ba9b-70fbb0dc3993) [propertyChangedAvTransportProxy]
2016.04.27 19:04:36.530 DEBUG:    A property on AvTransport proxy has changed (Device: uuid:1644ca3e-65db-4716-ba9b-70fbb0dc3993) [propertyChangedAvTransportProxy]
2016.04.27 19:04:36.905 DEBUG:    A property on AvTransport proxy has changed (Device: uuid:bf905eb0-635d-40f7-8fdc-d888940503d2) [propertyChangedAvTransportProxy]
2016.04.27 19:04:36.905 DEBUG:    A property on AvTransport proxy has changed (Device: uuid:bf905eb0-635d-40f7-8fdc-d888940503d2) [propertyChangedAvTransportProxy]
2016.04.27 19:04:37.105 DEBUG:    A property on AvTransport proxy has changed (Device: uuid:1644ca3e-65db-4716-ba9b-70fbb0dc3993) [propertyChangedAvTransportProxy]
2016.04.27 19:04:37.105 DEBUG:    A property on AvTransport proxy has changed (Device: uuid:1644ca3e-65db-4716-ba9b-70fbb0dc3993) [propertyChangedAvTransportProxy]
2016.04.27 19:04:37.305 DEBUG:    A property on AvTransport proxy has changed (Device: uuid:1644ca3e-65db-4716-ba9b-70fbb0dc3993) [propertyChangedAvTransportProxy]
2016.04.27 19:04:37.305 DEBUG:    A property on AvTransport proxy has changed (Device: uuid:1644ca3e-65db-4716-ba9b-70fbb0dc3993) [propertyChangedAvTransportProxy]
2016.04.27 19:04:37.855 DEBUG:    A property on RenderingControl proxy has changed (Device: uuid:41aa6673-745a-481b-b075-28876332af2e) [propertyChangedRenderingControlProxy]
2016.04.27 19:04:37.855 DEBUG:    A property on RenderingControl proxy has changed (Device: uuid:41aa6673-745a-481b-b075-28876332af2e) [propertyChangedRenderingControlProxy]
2016.04.27 19:04:37.900 DEBUG:    A property on AvTransport proxy has changed (Device: uuid:41aa6673-745a-481b-b075-28876332af2e) [propertyChangedAvTransportProxy]
2016.04.27 19:04:37.900 DEBUG:    A property on AvTransport proxy has changed (Device: uuid:41aa6673-745a-481b-b075-28876332af2e) [propertyChangedAvTransportProxy]
2016.04.27 19:04:37.904 DEBUG:    A property on AvTransport proxy has changed (Device: uuid:e8f87343-d95a-482d-90a8-79f9aab7713b) [propertyChangedAvTransportProxy]
2016.04.27 19:04:37.904 DEBUG:    A property on AvTransport proxy has changed (Device: uuid:e8f87343-d95a-482d-90a8-79f9aab7713b) [propertyChangedAvTransportProxy]
2016.04.27 19:04:38.177 DEBUG:    A property on AvTransport proxy has changed (Device: uuid:bf905eb0-635d-40f7-8fdc-d888940503d2) [propertyChangedAvTransportProxy]
2016.04.27 19:04:38.177 DEBUG:    A property on AvTransport proxy has changed (Device: uuid:bf905eb0-635d-40f7-8fdc-d888940503d2) [propertyChangedAvTransportProxy]
2016.04.27 19:04:38.185 DEBUG:    A property on AvTransport proxy has changed (Device: uuid:1644ca3e-65db-4716-ba9b-70fbb0dc3993) [propertyChangedAvTransportProxy]
2016.04.27 19:04:38.185 DEBUG:    A property on AvTransport proxy has changed (Device: uuid:1644ca3e-65db-4716-ba9b-70fbb0dc3993) [propertyChangedAvTransportProxy]
2016.04.27 19:04:38.711 DEBUG:    A property on AvTransport proxy has changed (Device: uuid:41aa6673-745a-481b-b075-28876332af2e) [propertyChangedAvTransportProxy]
2016.04.27 19:04:38.711 DEBUG:    A property on AvTransport proxy has changed (Device: uuid:41aa6673-745a-481b-b075-28876332af2e) [propertyChangedAvTransportProxy]
2016.04.27 19:04:38.719 DEBUG:    A property on AvTransport proxy has changed (Device: uuid:e8f87343-d95a-482d-90a8-79f9aab7713b) [propertyChangedAvTransportProxy]
2016.04.27 19:04:38.719 DEBUG:    A property on AvTransport proxy has changed (Device: uuid:e8f87343-d95a-482d-90a8-79f9aab7713b) [propertyChangedAvTransportProxy]
2016.04.27 19:04:41.454 DEBUG:    Refreshing UPNP device list [refreshDeviceListThread]
2016.04.27 19:04:46.456 DEBUG:    Refreshing UPNP device list [refreshDeviceListThread]
2016.04.27 19:04:51.457 DEBUG:    Refreshing UPNP device list [refreshDeviceListThread]
2016.04.27 19:04:56.457 DEBUG:    Refreshing UPNP device list [refreshDeviceListThread]
2016.04.27 19:05:01.459 DEBUG:    Refreshing UPNP device list [refreshDeviceListThread]
2016.04.27 19:05:06.463 DEBUG:    Refreshing UPNP device list [refreshDeviceListThread]
2016.04.27 19:05:11.464 DEBUG:    Refreshing UPNP device list [refreshDeviceListThread]
2016.04.27 19:05:16.465 DEBUG:    Refreshing UPNP device list [refreshDeviceListThread]
2016.04.27 19:05:21.465 DEBUG:    Refreshing UPNP device list [refreshDeviceListThread]
2016.04.27 19:05:26.466 DEBUG:    Refreshing UPNP device list [refreshDeviceListThread]
2016.04.27 19:05:31.468 DEBUG:    Refreshing UPNP device list [refreshDeviceListThread]
2016.04.27 19:05:36.468 DEBUG:    Refreshing UPNP device list [refreshDeviceListThread]
2016.04.27 19:05:41.469 DEBUG:    Refreshing UPNP device list [refreshDeviceListThread]
2016.04.27 19:05:46.473 DEBUG:    Refreshing UPNP device list [refreshDeviceListThread]
2016.04.27 19:05:51.474 DEBUG:    Refreshing UPNP device list [refreshDeviceListThread]
2016.04.27 19:05:56.475 DEBUG:    Refreshing UPNP device list [refreshDeviceListThread]
2016.04.27 19:06:01.478 DEBUG:    Refreshing UPNP device list [refreshDeviceListThread]
2016.04.27 19:06:06.479 DEBUG:    Refreshing UPNP device list [refreshDeviceListThread]
2016.04.27 19:06:11.480 DEBUG:    Refreshing UPNP device list [refreshDeviceListThread]
2016.04.27 19:06:16.482 DEBUG:    Refreshing UPNP device list [refreshDeviceListThread]
2016.04.27 19:06:21.485 DEBUG:    Refreshing UPNP device list [refreshDeviceListThread]
2016.04.27 19:06:23.819 DEBUG:    A property on AvTransport proxy has changed (Device: uuid:e8f87343-d95a-482d-90a8-79f9aab7713b) [propertyChangedAvTransportProxy]
2016.04.27 19:06:23.819 DEBUG:    A property on AvTransport proxy has changed (Device: uuid:e8f87343-d95a-482d-90a8-79f9aab7713b) [propertyChangedAvTransportProxy]
2016.04.27 19:06:26.486 DEBUG:    Refreshing UPNP device list [refreshDeviceListThread]
2016.04.27 19:06:26.877 DEBUG:    Processing Request: SETVOLUME / id: Wohnzimmer | value: 25 [requestProcessingWorkerThread]
2016.04.27 19:06:26.877 ERROR:    Zone for ID 'Wohnzimmer' not found [getZoneUDNFromId]
2016.04.27 19:06:26.877 ERROR:    Room or Zone with ID: Wohnzimmer not found! [executeAction]
2016.04.27 19:06:26.877 DEBUG:    Request duration: 0ms: SETVOLUME / id: Wohnzimmer | value: 25 [execute]
2016.04.27 19:06:26.878 DEBUG:    Popping Request: SETVOLUME / id: Wohnzimmer | value: 25 [requestProcessingWorkerThread]
2016.04.27 19:06:31.486 DEBUG:    Refreshing UPNP device list [refreshDeviceListThread]
2016.04.27 19:06:36.490 DEBUG:    Refreshing UPNP device list [refreshDeviceListThread]
2016.04.27 19:06:41.491 DEBUG:    Refreshing UPNP device list [refreshDeviceListThread]
2016.04.27 19:06:46.491 DEBUG:    Refreshing UPNP device list [refreshDeviceListThread]
2016.04.27 19:06:51.492 DEBUG:    Refreshing UPNP device list [refreshDeviceListThread]
2016.04.27 19:06:56.494 DEBUG:    Refreshing UPNP device list [refreshDeviceListThread]
2016.04.27 19:07:01.495 DEBUG:    Refreshing UPNP device list [refreshDeviceListThread]
2016.04.27 19:07:06.496 DEBUG:    Refreshing UPNP device list [refreshDeviceListThread]
2016.04.27 19:07:11.497 DEBUG:    Refreshing UPNP device list [refreshDeviceListThread]
2016.04.27 19:07:14.903 DEBUG:    UPNP Device found: Universal Media Server(f880d5ef-c6ed-47c2-a1e1-5acd82b9eae1) [onDeviceFound]
2016.04.27 19:07:14.903 DEBUG:    Adding device 'Universal Media Server' to manager [addDevice]
2016.04.27 19:07:14.903 DEBUG:    Try to create device from device XML [createDeviceFromDeviceXML]
2016.04.27 19:07:14.903 DEBUG:    Media Server device created (uuid:f880d5ef-c6ed-47c2-a1e1-5acd82b9eae1) [createDeviceFromDeviceXML]
2016.04.27 19:07:14.903 DEBUG:    Create ContentDirectory-Proxy for media server uuid:f880d5ef-c6ed-47c2-a1e1-5acd82b9eae1 [createProxies]
2016.04.27 19:07:14.903 DEBUG:    Create ConnectionManager-Proxy for media server uuid:f880d5ef-c6ed-47c2-a1e1-5acd82b9eae1 [createProxies]
2016.04.27 19:07:14.903 DEBUG:    Media Server 'Universal Media Server' is now useable! [addDevice]
2016.04.27 19:07:16.498 DEBUG:    Refreshing UPNP device list [refreshDeviceListThread]
2016.04.27 19:07:21.499 DEBUG:    Refreshing UPNP device list [refreshDeviceListThread]
2016.04.27 19:07:26.500 DEBUG:    Refreshing UPNP device list [refreshDeviceListThread]
2016.04.27 19:07:31.505 DEBUG:    Refreshing UPNP device list [refreshDeviceListThread]
2016.04.27 19:07:35.501 DEBUG:    UPNP Device lost: Universal Media Server(f880d5ef-c6ed-47c2-a1e1-5acd82b9eae1) [onDeviceLost]
2016.04.27 19:07:35.501 DEBUG:    Removing device 'Universal Media Server' from manager [removeDevice]
2016.04.27 19:07:35.501 DEBUG:    UPNP device 'Universal Media Server' removed [removeDevice]
2016.04.27 19:07:35.501 DEBUG:    Media Server 'Universal Media Server' removed [removeDevice]
2016.04.27 19:07:36.506 DEBUG:    Refreshing UPNP device list [refreshDeviceListThread]
2016.04.27 19:07:41.506 DEBUG:    Refreshing UPNP device list [refreshDeviceListThread]
2016.04.27 19:07:46.507 DEBUG:    Refreshing UPNP device list [refreshDeviceListThread]
2016.04.27 19:07:51.508 DEBUG:    Refreshing UPNP device list [refreshDeviceListThread]
2016.04.27 19:07:56.510 DEBUG:    Refreshing UPNP device list [refreshDeviceListThread]
2016.04.27 19:08:01.511 DEBUG:    Refreshing UPNP device list [refreshDeviceListThread]
2016.04.27 19:08:06.512 DEBUG:    Refreshing UPNP device list [refreshDeviceListThread]
2016.04.27 19:08:11.514 DEBUG:    Refreshing UPNP device list [refreshDeviceListThread]
2016.04.27 19:08:16.514 DEBUG:    Refreshing UPNP device list [refreshDeviceListThread]
2016.04.27 19:08:21.518 DEBUG:    Refreshing UPNP device list [refreshDeviceListThread]
2016.04.27 19:08:26.519 DEBUG:    Refreshing UPNP device list [refreshDeviceListThread]
2016.04.27 19:08:31.519 DEBUG:    Refreshing UPNP device list [refreshDeviceListThread]
2016.04.27 19:08:36.520 DEBUG:    Refreshing UPNP device list [refreshDeviceListThread]
2016.04.27 19:08:41.522 DEBUG:    Refreshing UPNP device list [refreshDeviceListThread]
2016.04.27 19:08:46.523 DEBUG:    Refreshing UPNP device list [refreshDeviceListThread]
2016.04.27 19:08:51.523 DEBUG:    Refreshing UPNP device list [refreshDeviceListThread]
2016.04.27 19:08:56.524 DEBUG:    Refreshing UPNP device list [refreshDeviceListThread]
2016.04.27 19:09:01.525 DEBUG:    Refreshing UPNP device list [refreshDeviceListThread]
2016.04.27 19:09:06.526 DEBUG:    Refreshing UPNP device list [refreshDeviceListThread]
2016.04.27 19:09:11.527 DEBUG:    Refreshing UPNP device list [refreshDeviceListThread]
2016.04.27 19:09:16.528 DEBUG:    Refreshing UPNP device list [refreshDeviceListThread]
2016.04.27 19:09:21.528 DEBUG:    Refreshing UPNP device list [refreshDeviceListThread]
2016.04.27 19:09:26.529 DEBUG:    Refreshing UPNP device list [refreshDeviceListThread]
2016.04.27 19:09:31.529 DEBUG:    Refreshing UPNP device list [refreshDeviceListThread]
2016.04.27 19:09:36.531 DEBUG:    Refreshing UPNP device list [refreshDeviceListThread]
2016.04.27 19:09:41.532 DEBUG:    Refreshing UPNP device list [refreshDeviceListThread]
2016.04.27 19:09:46.533 DEBUG:    Refreshing UPNP device list [refreshDeviceListThread]
2016.04.27 19:09:47.748 DEBUG:    A property on AvTransport proxy has changed (Device: uuid:e8f87343-d95a-482d-90a8-79f9aab7713b) [propertyChangedAvTransportProxy]
2016.04.27 19:09:47.749 DEBUG:    A property on AvTransport proxy has changed (Device: uuid:e8f87343-d95a-482d-90a8-79f9aab7713b) [propertyChangedAvTransportProxy]
2016.04.27 19:09:51.537 DEBUG:    Refreshing UPNP device list [refreshDeviceListThread]
2016.04.27 19:09:56.538 DEBUG:    Refreshing UPNP device list [refreshDeviceListThread]
2016.04.27 19:10:01.539 DEBUG:    Refreshing UPNP device list [refreshDeviceListThread]
2016.04.27 19:10:06.542 DEBUG:    Refreshing UPNP device list [refreshDeviceListThread]
2016.04.27 19:10:11.544 DEBUG:    Refreshing UPNP device list [refreshDeviceListThread]
2016.04.27 19:10:14.922 DEBUG:    UPNP Device found: Universal Media Server(f880d5ef-c6ed-47c2-a1e1-5acd82b9eae1) [onDeviceFound]
2016.04.27 19:10:14.923 DEBUG:    Adding device 'Universal Media Server' to manager [addDevice]
2016.04.27 19:10:14.923 DEBUG:    Try to create device from device XML [createDeviceFromDeviceXML]
2016.04.27 19:10:14.923 DEBUG:    Media Server device created (uuid:f880d5ef-c6ed-47c2-a1e1-5acd82b9eae1) [createDeviceFromDeviceXML]
2016.04.27 19:10:14.923 DEBUG:    Create ContentDirectory-Proxy for media server uuid:f880d5ef-c6ed-47c2-a1e1-5acd82b9eae1 [createProxies]
2016.04.27 19:10:14.923 DEBUG:    Create ConnectionManager-Proxy for media server uuid:f880d5ef-c6ed-47c2-a1e1-5acd82b9eae1 [createProxies]
2016.04.27 19:10:14.924 DEBUG:    Media Server 'Universal Media Server' is now useable! [addDevice]
2016.04.27 19:10:16.549 DEBUG:    Refreshing UPNP device list [refreshDeviceListThread]
2016.04.27 19:10:21.552 DEBUG:    Refreshing UPNP device list [refreshDeviceListThread]
2016.04.27 19:10:26.553 DEBUG:    Refreshing UPNP device list [refreshDeviceListThread]
2016.04.27 19:10:31.554 DEBUG:    Refreshing UPNP device list [refreshDeviceListThread]
2016.04.27 19:10:35.558 DEBUG:    UPNP Device lost: Universal Media Server(f880d5ef-c6ed-47c2-a1e1-5acd82b9eae1) [onDeviceLost]
2016.04.27 19:10:35.558 DEBUG:    Removing device 'Universal Media Server' from manager [removeDevice]
2016.04.27 19:10:35.558 DEBUG:    UPNP device 'Universal Media Server' removed [removeDevice]
2016.04.27 19:10:35.559 DEBUG:    Media Server 'Universal Media Server' removed [removeDevice]
2016.04.27 19:10:36.555 DEBUG:    Refreshing UPNP device list [refreshDeviceListThread]
2016.04.27 19:10:41.556 DEBUG:    Refreshing UPNP device list [refreshDeviceListThread]
2016.04.27 19:10:46.556 DEBUG:    Refreshing UPNP device list [refreshDeviceListThread]
2016.04.27 19:10:51.557 DEBUG:    Refreshing UPNP device list [refreshDeviceListThread]
2016.04.27 19:10:56.558 DEBUG:    Refreshing UPNP device list [refreshDeviceListThread]
2016.04.27 19:11:01.560 DEBUG:    Refreshing UPNP device list [refreshDeviceListThread]
2016.04.27 19:11:06.564 DEBUG:    Refreshing UPNP device list [refreshDeviceListThread]
2016.04.27 19:11:11.565 DEBUG:    Refreshing UPNP device list [refreshDeviceListThread]
2016.04.27 19:11:12.935 DEBUG:    A property on AvTransport proxy has changed (Device: uuid:1644ca3e-65db-4716-ba9b-70fbb0dc3993) [propertyChangedAvTransportProxy]
2016.04.27 19:11:12.936 DEBUG:    A property on AvTransport proxy has changed (Device: uuid:1644ca3e-65db-4716-ba9b-70fbb0dc3993) [propertyChangedAvTransportProxy]
2016.04.27 19:11:13.183 DEBUG:    A property on AvTransport proxy has changed (Device: uuid:bf905eb0-635d-40f7-8fdc-d888940503d2) [propertyChangedAvTransportProxy]
2016.04.27 19:11:13.183 DEBUG:    A property on AvTransport proxy has changed (Device: uuid:bf905eb0-635d-40f7-8fdc-d888940503d2) [propertyChangedAvTransportProxy]
2016.04.27 19:11:16.566 DEBUG:    Refreshing UPNP device list [refreshDeviceListThread]
2016.04.27 19:11:21.567 DEBUG:    Refreshing UPNP device list [refreshDeviceListThread]
2016.04.27 19:11:26.569 DEBUG:    Refreshing UPNP device list [refreshDeviceListThread]
2016.04.27 19:11:31.570 DEBUG:    Refreshing UPNP device list [refreshDeviceListThread]
2016.04.27 19:11:36.571 DEBUG:    Refreshing UPNP device list [refreshDeviceListThread]
2016.04.27 19:11:41.572 DEBUG:    Refreshing UPNP device list [refreshDeviceListThread]
2016.04.27 19:11:46.574 DEBUG:    Refreshing UPNP device list [refreshDeviceListThread]
2016.04.27 19:11:51.578 DEBUG:    Refreshing UPNP device list [refreshDeviceListThread]
2016.04.27 19:11:56.578 DEBUG:    Refreshing UPNP device list [refreshDeviceListThread]
2016.04.27 19:12:01.581 DEBUG:    Refreshing UPNP device list [refreshDeviceListThread]
2016.04.27 19:12:06.582 DEBUG:    Refreshing UPNP device list [refreshDeviceListThread]
2016.04.27 19:12:11.582 DEBUG:    Refreshing UPNP device list [refreshDeviceListThread]
2016.04.27 19:12:16.583 DEBUG:    Refreshing UPNP device list [refreshDeviceListThread]
2016.04.27 19:12:21.584 DEBUG:    Refreshing UPNP device list [refreshDeviceListThread]
2016.04.27 19:12:26.584 DEBUG:    Refreshing UPNP device list [refreshDeviceListThread]
2016.04.27 19:12:31.585 DEBUG:    Refreshing UPNP device list [refreshDeviceListThread]
2016.04.27 19:12:36.585 DEBUG:    Refreshing UPNP device list [refreshDeviceListThread]
2016.04.27 19:12:41.587 DEBUG:    Refreshing UPNP device list [refreshDeviceListThread]
2016.04.27 19:12:46.590 DEBUG:    Refreshing UPNP device list [refreshDeviceListThread]
2016.04.27 19:12:51.592 DEBUG:    Refreshing UPNP device list [refreshDeviceListThread]
2016.04.27 19:12:56.593 DEBUG:    Refreshing UPNP device list [refreshDeviceListThread]
2016.04.27 19:13:01.593 DEBUG:    Refreshing UPNP device list [refreshDeviceListThread]
2016.04.27 19:13:06.594 DEBUG:    Refreshing UPNP device list [refreshDeviceListThread]
2016.04.27 19:13:11.595 DEBUG:    Refreshing UPNP device list [refreshDeviceListThread]
2016.04.27 19:13:14.948 DEBUG:    UPNP Device found: Universal Media Server(f880d5ef-c6ed-47c2-a1e1-5acd82b9eae1) [onDeviceFound]
2016.04.27 19:13:14.948 DEBUG:    Adding device 'Universal Media Server' to manager [addDevice]
2016.04.27 19:13:14.948 DEBUG:    Try to create device from device XML [createDeviceFromDeviceXML]
2016.04.27 19:13:14.948 DEBUG:    Media Server device created (uuid:f880d5ef-c6ed-47c2-a1e1-5acd82b9eae1) [createDeviceFromDeviceXML]
2016.04.27 19:13:14.948 DEBUG:    Create ContentDirectory-Proxy for media server uuid:f880d5ef-c6ed-47c2-a1e1-5acd82b9eae1 [createProxies]
2016.04.27 19:13:14.948 DEBUG:    Create ConnectionManager-Proxy for media server uuid:f880d5ef-c6ed-47c2-a1e1-5acd82b9eae1 [createProxies]
2016.04.27 19:13:14.948 DEBUG:    Media Server 'Universal Media Server' is now useable! [addDevice]
2016.04.27 19:13:16.595 DEBUG:    Refreshing UPNP device list [refreshDeviceListThread]
2016.04.27 19:13:21.595 DEBUG:    Refreshing UPNP device list [refreshDeviceListThread]
2016.04.27 19:13:26.598 DEBUG:    Refreshing UPNP device list [refreshDeviceListThread]
2016.04.27 19:13:31.598 DEBUG:    Refreshing UPNP device list [refreshDeviceListThread]
2016.04.27 19:13:35.598 DEBUG:    UPNP Device lost: Universal Media Server(f880d5ef-c6ed-47c2-a1e1-5acd82b9eae1) [onDeviceLost]
2016.04.27 19:13:35.598 DEBUG:    Removing device 'Universal Media Server' from manager [removeDevice]
2016.04.27 19:13:35.598 DEBUG:    UPNP device 'Universal Media Server' removed [removeDevice]
2016.04.27 19:13:35.598 DEBUG:    Media Server 'Universal Media Server' removed [removeDevice]
2016.04.27 19:13:36.598 DEBUG:    Refreshing UPNP device list [refreshDeviceListThread]
2016.04.27 19:13:41.599 DEBUG:    Refreshing UPNP device list [refreshDeviceListThread]
2016.04.27 19:13:42.745 DEBUG:    A property on AvTransport proxy has changed (Device: uuid:e8f87343-d95a-482d-90a8-79f9aab7713b) [propertyChangedAvTransportProxy]
2016.04.27 19:13:42.745 DEBUG:    A property on AvTransport proxy has changed (Device: uuid:e8f87343-d95a-482d-90a8-79f9aab7713b) [propertyChangedAvTransportProxy]
2016.04.27 19:13:46.601 DEBUG:    Refreshing UPNP device list [refreshDeviceListThread]
2016.04.27 19:13:51.602 DEBUG:    Refreshing UPNP device list [refreshDeviceListThread]
2016.04.27 19:13:56.602 DEBUG:    Refreshing UPNP device list [refreshDeviceListThread]
2016.04.27 19:14:01.604 DEBUG:    Refreshing UPNP device list [refreshDeviceListThread]
2016.04.27 19:14:06.604 DEBUG:    Refreshing UPNP device list [refreshDeviceListThread]
2016.04.27 19:14:11.608 DEBUG:    Refreshing UPNP device list [refreshDeviceListThread]
2016.04.27 19:14:16.609 DEBUG:    Refreshing UPNP device list [refreshDeviceListThread]
2016.04.27 19:14:21.611 DEBUG:    Refreshing UPNP device list [refreshDeviceListThread]
2016.04.27 19:14:26.612 DEBUG:    Refreshing UPNP device list [refreshDeviceListThread]
2016.04.27 19:14:31.615 DEBUG:    Refreshing UPNP device list [refreshDeviceListThread]
2016.04.27 19:14:36.616 DEBUG:    Refreshing UPNP device list [refreshDeviceListThread]
2016.04.27 19:14:41.618 DEBUG:    Refreshing UPNP device list [refreshDeviceListThread]
2016.04.27 19:14:46.620 DEBUG:    Refreshing UPNP device list [refreshDeviceListThread]
2016.04.27 19:14:51.620 DEBUG:    Refreshing UPNP device list [refreshDeviceListThread]
2016.04.27 19:14:56.622 DEBUG:    Refreshing UPNP device list [refreshDeviceListThread]
2016.04.27 19:14:57.797 DEBUG:    Processing Request: STOP / :  [requestProcessingWorkerThread]
2016.04.27 19:14:57.797 DEBUG:    Calling 'stop' on renderer 'uuid:e8f87343-d95a-482d-90a8-79f9aab7713b' [callAvTransportProxyAction]
2016.04.27 19:14:57.826 DEBUG:    Calling 'stop' on renderer 'uuid:1644ca3e-65db-4716-ba9b-70fbb0dc3993' [callAvTransportProxyAction]
2016.04.27 19:14:57.858 DEBUG:    Request duration: 61ms: STOP / :  [execute]
2016.04.27 19:14:57.858 DEBUG:    Popping Request: STOP / :  [requestProcessingWorkerThread]
2016.04.27 19:14:57.860 DEBUG:    A property on AvTransport proxy has changed (Device: uuid:e8f87343-d95a-482d-90a8-79f9aab7713b) [propertyChangedAvTransportProxy]
2016.04.27 19:14:57.860 DEBUG:    A property on AvTransport proxy has changed (Device: uuid:e8f87343-d95a-482d-90a8-79f9aab7713b) [propertyChangedAvTransportProxy]
2016.04.27 19:14:57.902 DEBUG:    A property on AvTransport proxy has changed (Device: uuid:1644ca3e-65db-4716-ba9b-70fbb0dc3993) [propertyChangedAvTransportProxy]
2016.04.27 19:14:57.902 DEBUG:    A property on AvTransport proxy has changed (Device: uuid:1644ca3e-65db-4716-ba9b-70fbb0dc3993) [propertyChangedAvTransportProxy]
2016.04.27 19:14:58.175 DEBUG:    A property on AvTransport proxy has changed (Device: uuid:41aa6673-745a-481b-b075-28876332af2e) [propertyChangedAvTransportProxy]
2016.04.27 19:14:58.175 DEBUG:    A property on AvTransport proxy has changed (Device: uuid:41aa6673-745a-481b-b075-28876332af2e) [propertyChangedAvTransportProxy]
2016.04.27 19:14:58.181 DEBUG:    A property on AvTransport proxy has changed (Device: uuid:e8f87343-d95a-482d-90a8-79f9aab7713b) [propertyChangedAvTransportProxy]
2016.04.27 19:14:58.182 DEBUG:    A property on AvTransport proxy has changed (Device: uuid:e8f87343-d95a-482d-90a8-79f9aab7713b) [propertyChangedAvTransportProxy]
2016.04.27 19:14:58.346 DEBUG:    A property on AvTransport proxy has changed (Device: uuid:1644ca3e-65db-4716-ba9b-70fbb0dc3993) [propertyChangedAvTransportProxy]
2016.04.27 19:14:58.347 DEBUG:    A property on AvTransport proxy has changed (Device: uuid:1644ca3e-65db-4716-ba9b-70fbb0dc3993) [propertyChangedAvTransportProxy]
2016.04.27 19:14:58.365 DEBUG:    A property on AvTransport proxy has changed (Device: uuid:bf905eb0-635d-40f7-8fdc-d888940503d2) [propertyChangedAvTransportProxy]
2016.04.27 19:14:58.365 DEBUG:    A property on AvTransport proxy has changed (Device: uuid:bf905eb0-635d-40f7-8fdc-d888940503d2) [propertyChangedAvTransportProxy]
2016.04.27 19:15:01.623 DEBUG:    Refreshing UPNP device list [refreshDeviceListThread]
2016.04.27 19:15:02.296 DEBUG:    Processing Request: PLAY / :  [requestProcessingWorkerThread]
2016.04.27 19:15:02.297 DEBUG:    Calling 'play' on renderer 'uuid:e8f87343-d95a-482d-90a8-79f9aab7713b' [callAvTransportProxyAction]
2016.04.27 19:15:02.325 DEBUG:    Calling 'play' on renderer 'uuid:1644ca3e-65db-4716-ba9b-70fbb0dc3993' [callAvTransportProxyAction]
2016.04.27 19:15:02.347 DEBUG:    Request duration: 50ms: PLAY / :  [execute]
2016.04.27 19:15:02.348 DEBUG:    Popping Request: PLAY / :  [requestProcessingWorkerThread]
2016.04.27 19:15:02.354 DEBUG:    A property on AvTransport proxy has changed (Device: uuid:e8f87343-d95a-482d-90a8-79f9aab7713b) [propertyChangedAvTransportProxy]
2016.04.27 19:15:02.354 DEBUG:    A property on AvTransport proxy has changed (Device: uuid:e8f87343-d95a-482d-90a8-79f9aab7713b) [propertyChangedAvTransportProxy]
2016.04.27 19:15:02.380 DEBUG:    A property on AvTransport proxy has changed (Device: uuid:1644ca3e-65db-4716-ba9b-70fbb0dc3993) [propertyChangedAvTransportProxy]
2016.04.27 19:15:02.381 DEBUG:    A property on AvTransport proxy has changed (Device: uuid:1644ca3e-65db-4716-ba9b-70fbb0dc3993) [propertyChangedAvTransportProxy]
2016.04.27 19:15:02.959 DEBUG:    A property on AvTransport proxy has changed (Device: uuid:1644ca3e-65db-4716-ba9b-70fbb0dc3993) [propertyChangedAvTransportProxy]
2016.04.27 19:15:02.959 DEBUG:    A property on AvTransport proxy has changed (Device: uuid:1644ca3e-65db-4716-ba9b-70fbb0dc3993) [propertyChangedAvTransportProxy]
2016.04.27 19:15:03.425 DEBUG:    A property on AvTransport proxy has changed (Device: uuid:bf905eb0-635d-40f7-8fdc-d888940503d2) [propertyChangedAvTransportProxy]
2016.04.27 19:15:03.425 DEBUG:    A property on AvTransport proxy has changed (Device: uuid:bf905eb0-635d-40f7-8fdc-d888940503d2) [propertyChangedAvTransportProxy]
2016.04.27 19:15:03.519 DEBUG:    A property on AvTransport proxy has changed (Device: uuid:1644ca3e-65db-4716-ba9b-70fbb0dc3993) [propertyChangedAvTransportProxy]
2016.04.27 19:15:03.519 DEBUG:    A property on AvTransport proxy has changed (Device: uuid:1644ca3e-65db-4716-ba9b-70fbb0dc3993) [propertyChangedAvTransportProxy]
2016.04.27 19:15:03.718 DEBUG:    A property on AvTransport proxy has changed (Device: uuid:41aa6673-745a-481b-b075-28876332af2e) [propertyChangedAvTransportProxy]
2016.04.27 19:15:03.719 DEBUG:    A property on AvTransport proxy has changed (Device: uuid:41aa6673-745a-481b-b075-28876332af2e) [propertyChangedAvTransportProxy]
2016.04.27 19:15:03.723 DEBUG:    A property on AvTransport proxy has changed (Device: uuid:e8f87343-d95a-482d-90a8-79f9aab7713b) [propertyChangedAvTransportProxy]
2016.04.27 19:15:03.723 DEBUG:    A property on AvTransport proxy has changed (Device: uuid:e8f87343-d95a-482d-90a8-79f9aab7713b) [propertyChangedAvTransportProxy]
2016.04.27 19:15:03.975 DEBUG:    A property on AvTransport proxy has changed (Device: uuid:41aa6673-745a-481b-b075-28876332af2e) [propertyChangedAvTransportProxy]
2016.04.27 19:15:03.975 DEBUG:    A property on AvTransport proxy has changed (Device: uuid:41aa6673-745a-481b-b075-28876332af2e) [propertyChangedAvTransportProxy]
2016.04.27 19:15:03.978 DEBUG:    A property on AvTransport proxy has changed (Device: uuid:e8f87343-d95a-482d-90a8-79f9aab7713b) [propertyChangedAvTransportProxy]
2016.04.27 19:15:03.978 DEBUG:    A property on AvTransport proxy has changed (Device: uuid:e8f87343-d95a-482d-90a8-79f9aab7713b) [propertyChangedAvTransportProxy]
2016.04.27 19:15:04.511 DEBUG:    A property on AvTransport proxy has changed (Device: uuid:1644ca3e-65db-4716-ba9b-70fbb0dc3993) [propertyChangedAvTransportProxy]
2016.04.27 19:15:04.511 DEBUG:    A property on AvTransport proxy has changed (Device: uuid:1644ca3e-65db-4716-ba9b-70fbb0dc3993) [propertyChangedAvTransportProxy]
2016.04.27 19:15:04.523 DEBUG:    A property on AvTransport proxy has changed (Device: uuid:bf905eb0-635d-40f7-8fdc-d888940503d2) [propertyChangedAvTransportProxy]
2016.04.27 19:15:04.523 DEBUG:    A property on AvTransport proxy has changed (Device: uuid:bf905eb0-635d-40f7-8fdc-d888940503d2) [propertyChangedAvTransportProxy]
2016.04.27 19:15:06.626 DEBUG:    Refreshing UPNP device list [refreshDeviceListThread]
2016.04.27 19:15:11.628 DEBUG:    Refreshing UPNP device list [refreshDeviceListThread]
2016.04.27 19:15:16.629 DEBUG:    Refreshing UPNP device list [refreshDeviceListThread]
2016.04.27 19:15:21.632 DEBUG:    Refreshing UPNP device list [refreshDeviceListThread]
2016.04.27 19:15:26.633 DEBUG:    Refreshing UPNP device list [refreshDeviceListThread]
2016.04.27 19:15:31.634 DEBUG:    Refreshing UPNP device list [refreshDeviceListThread]
2016.04.27 19:15:36.636 DEBUG:    Refreshing UPNP device list [refreshDeviceListThread]
2016.04.27 19:15:41.637 DEBUG:    Refreshing UPNP device list [refreshDeviceListThread]
2016.04.27 19:15:46.638 DEBUG:    Refreshing UPNP device list [refreshDeviceListThread]
2016.04.27 19:15:51.644 DEBUG:    Refreshing UPNP device list [refreshDeviceListThread]
2016.04.27 19:15:56.646 DEBUG:    Refreshing UPNP device list [refreshDeviceListThread]
2016.04.27 19:16:01.649 DEBUG:    Refreshing UPNP device list [refreshDeviceListThread]
2016.04.27 19:16:06.649 DEBUG:    Refreshing UPNP device list [refreshDeviceListThread]
2016.04.27 19:16:11.650 DEBUG:    Refreshing UPNP device list [refreshDeviceListThread]
2016.04.27 19:16:14.967 DEBUG:    UPNP Device found: Universal Media Server(f880d5ef-c6ed-47c2-a1e1-5acd82b9eae1) [onDeviceFound]
2016.04.27 19:16:14.967 DEBUG:    Adding device 'Universal Media Server' to manager [addDevice]
2016.04.27 19:16:14.967 DEBUG:    Try to create device from device XML [createDeviceFromDeviceXML]
2016.04.27 19:16:14.967 DEBUG:    Media Server device created (uuid:f880d5ef-c6ed-47c2-a1e1-5acd82b9eae1) [createDeviceFromDeviceXML]
2016.04.27 19:16:14.967 DEBUG:    Create ContentDirectory-Proxy for media server uuid:f880d5ef-c6ed-47c2-a1e1-5acd82b9eae1 [createProxies]
2016.04.27 19:16:14.967 DEBUG:    Create ConnectionManager-Proxy for media server uuid:f880d5ef-c6ed-47c2-a1e1-5acd82b9eae1 [createProxies]
2016.04.27 19:16:14.968 DEBUG:    Media Server 'Universal Media Server' is now useable! [addDevice]
2016.04.27 19:16:16.650 DEBUG:    Refreshing UPNP device list [refreshDeviceListThread]
2016.04.27 19:16:21.651 DEBUG:    Refreshing UPNP device list [refreshDeviceListThread]
2016.04.27 19:16:26.655 DEBUG:    Refreshing UPNP device list [refreshDeviceListThread]
2016.04.27 19:16:31.657 DEBUG:    Refreshing UPNP device list [refreshDeviceListThread]
2016.04.27 19:16:35.658 DEBUG:    UPNP Device lost: Universal Media Server(f880d5ef-c6ed-47c2-a1e1-5acd82b9eae1) [onDeviceLost]
2016.04.27 19:16:35.658 DEBUG:    Removing device 'Universal Media Server' from manager [removeDevice]
2016.04.27 19:16:35.658 DEBUG:    UPNP device 'Universal Media Server' removed [removeDevice]
2016.04.27 19:16:35.658 DEBUG:    Media Server 'Universal Media Server' removed [removeDevice]
2016.04.27 19:16:36.659 DEBUG:    Refreshing UPNP device list [refreshDeviceListThread]
2016.04.27 19:16:41.660 DEBUG:    Refreshing UPNP device list [refreshDeviceListThread]
2016.04.27 19:16:46.663 DEBUG:    Refreshing UPNP device list [refreshDeviceListThread]
2016.04.27 19:16:51.664 DEBUG:    Refreshing UPNP device list [refreshDeviceListThread]
2016.04.27 19:16:56.665 DEBUG:    Refreshing UPNP device list [refreshDeviceListThread]
2016.04.27 19:17:01.666 DEBUG:    Refreshing UPNP device list [refreshDeviceListThread]
2016.04.27 19:17:06.668 DEBUG:    Refreshing UPNP device list [refreshDeviceListThread]
2016.04.27 19:17:11.670 DEBUG:    Refreshing UPNP device list [refreshDeviceListThread]
2016.04.27 19:17:16.671 DEBUG:    Refreshing UPNP device list [refreshDeviceListThread]
2016.04.27 19:17:21.673 DEBUG:    Refreshing UPNP device list [refreshDeviceListThread]
2016.04.27 19:17:26.674 DEBUG:    Refreshing UPNP device list [refreshDeviceListThread]
2016.04.27 19:17:31.675 DEBUG:    Refreshing UPNP device list [refreshDeviceListThread]
2016.04.27 19:17:36.681 DEBUG:    Refreshing UPNP device list [refreshDeviceListThread]
2016.04.27 19:17:41.686 DEBUG:    Refreshing UPNP device list [refreshDeviceListThread]
2016.04.27 19:17:45.767 DEBUG:    A property on AvTransport proxy has changed (Device: uuid:e8f87343-d95a-482d-90a8-79f9aab7713b) [propertyChangedAvTransportProxy]
2016.04.27 19:17:45.767 DEBUG:    A property on AvTransport proxy has changed (Device: uuid:e8f87343-d95a-482d-90a8-79f9aab7713b) [propertyChangedAvTransportProxy]
2016.04.27 19:17:46.686 DEBUG:    Refreshing UPNP device list [refreshDeviceListThread]
2016.04.27 19:17:51.689 DEBUG:    Refreshing UPNP device list [refreshDeviceListThread]
2016.04.27 19:17:56.689 DEBUG:    Refreshing UPNP device list [refreshDeviceListThread]
2016.04.27 19:18:01.693 DEBUG:    Refreshing UPNP device list [refreshDeviceListThread]
2016.04.27 19:18:06.695 DEBUG:    Refreshing UPNP device list [refreshDeviceListThread]
2016.04.27 19:18:11.697 DEBUG:    Refreshing UPNP device list [refreshDeviceListThread]
2016.04.27 19:18:16.698 DEBUG:    Refreshing UPNP device list [refreshDeviceListThread]
2016.04.27 19:18:21.699 DEBUG:    Refreshing UPNP device list [refreshDeviceListThread]
2016.04.27 19:18:26.700 DEBUG:    Refreshing UPNP device list [refreshDeviceListThread]
2016.04.27 19:18:31.702 DEBUG:    Refreshing UPNP device list [refreshDeviceListThread]
2016.04.27 19:18:36.704 DEBUG:    Refreshing UPNP device list [refreshDeviceListThread]
2016.04.27 19:18:41.705 DEBUG:    Refreshing UPNP device list [refreshDeviceListThread]
2016.04.27 19:18:46.706 DEBUG:    Refreshing UPNP device list [refreshDeviceListThread]
2016.04.27 19:18:51.712 DEBUG:    Refreshing UPNP device list [refreshDeviceListThread]
