2016.04.27 19:19:56.577 DEBUG:    Log level was set to: DEBUG [init]
2016.04.27 19:19:56.577 DEBUG:    Init OpenHome UPNP Control Stack [init]
2016.04.27 19:19:56.577 INFO:     Network adapter name not specified! Raumkernel will use the first one found! [init]
2016.04.27 19:19:56.577 DEBUG:    Retrieve network adapter list [init]
2016.04.27 19:19:56.577 DEBUG:    Adapter 0: enp0s3 [init]
2016.04.27 19:19:56.577 DEBUG:    Using Network Adapter : enp0s3 [init]
2016.04.27 19:19:56.577 DEBUG:    Getting IP-Subnet of adapter [init]
2016.04.27 19:19:56.577 INFO:     Starting OpenHome UPNP Control Stack with network adapter: enp0s3 [init]
2016.04.27 19:19:56.579 WARNING:  UPNP refresh time is not set. Will use Standard value of 5000ms [discover]
2016.04.27 19:19:56.579 DEBUG:    Starting UPNP-Stack auto referesh thread [discover]
2016.04.27 19:19:56.579 INFO:     Kernel initialized! Waiting for Raumfeld System to appear! [init]
2016.04.27 19:19:56.579 DEBUG:    Preparing Server-Manager-Engineer... [init]
2016.04.27 19:19:56.579 DEBUG:    Create RequestActionManager-Manager... [createManagers]
2016.04.27 19:19:56.579 DEBUG:    Raumserver Manager-Engineer is prepared [init]
2016.04.27 19:19:56.579 DEBUG:    Starting webserver for requests on port: 8080 [start]
2016.04.27 19:19:56.588 INFO:     Webserver for requests started (Port: 8080) [start]
2016.04.27 19:19:56.891 DEBUG:    UPNP Device found: Schlafzimmer(1644ca3e-65db-4716-ba9b-70fbb0dc3993) [onDeviceFound]
2016.04.27 19:19:56.891 DEBUG:    Adding device 'Schlafzimmer' to manager [addDevice]
2016.04.27 19:19:56.891 DEBUG:    Try to create device from device XML [createDeviceFromDeviceXML]
2016.04.27 19:19:56.891 DEBUG:    Createing device (uuid:1644ca3e-65db-4716-ba9b-70fbb0dc3993) [createDeviceFromDeviceXML]
2016.04.27 19:19:56.891 DEBUG:    Media Renderer device created (uuid:1644ca3e-65db-4716-ba9b-70fbb0dc3993) [createDeviceFromDeviceXML]
2016.04.27 19:19:56.891 DEBUG:    Create AVTransport-Proxy for media renderer uuid:1644ca3e-65db-4716-ba9b-70fbb0dc3993 [createProxies]
2016.04.27 19:19:56.892 DEBUG:    Create RenderingControl-Proxy for media renderer uuid:1644ca3e-65db-4716-ba9b-70fbb0dc3993 [createProxies]
2016.04.27 19:19:56.892 DEBUG:    Create ConnectionManager-Proxy for media renderer uuid:1644ca3e-65db-4716-ba9b-70fbb0dc3993 [createProxies]
2016.04.27 19:19:56.892 DEBUG:    Media Renderer 'Schlafzimmer' is now useable! [addDevice]
2016.04.27 19:19:56.902 DEBUG:    UPNP Device found: ZBOX: ZBOXMedien:(9dfd1286-91c6-445b-a7c3-abab7ef48f29) [onDeviceFound]
2016.04.27 19:19:56.902 DEBUG:    Adding device 'ZBOX: ZBOXMedien:' to manager [addDevice]
2016.04.27 19:19:56.902 DEBUG:    Try to create device from device XML [createDeviceFromDeviceXML]
2016.04.27 19:19:56.902 DEBUG:    Media Server device created (uuid:9dfd1286-91c6-445b-a7c3-abab7ef48f29) [createDeviceFromDeviceXML]
2016.04.27 19:19:56.902 DEBUG:    Create ContentDirectory-Proxy for media server uuid:9dfd1286-91c6-445b-a7c3-abab7ef48f29 [createProxies]
2016.04.27 19:19:56.902 DEBUG:    Create ConnectionManager-Proxy for media server uuid:9dfd1286-91c6-445b-a7c3-abab7ef48f29 [createProxies]
2016.04.27 19:19:56.902 DEBUG:    Media Server 'ZBOX: ZBOXMedien:' is now useable! [addDevice]
2016.04.27 19:19:56.920 DEBUG:    A property on AvTransport proxy has changed (Device: uuid:1644ca3e-65db-4716-ba9b-70fbb0dc3993) [propertyChangedAvTransportProxy]
2016.04.27 19:19:56.920 DEBUG:    A property on AvTransport proxy has changed (Device: uuid:1644ca3e-65db-4716-ba9b-70fbb0dc3993) [propertyChangedAvTransportProxy]
2016.04.27 19:19:56.920 DEBUG:    A property on AvTransport proxy has changed (Device: uuid:1644ca3e-65db-4716-ba9b-70fbb0dc3993) [propertyChangedAvTransportProxy]
2016.04.27 19:19:56.923 DEBUG:    A property on RenderingControl proxy has changed (Device: uuid:1644ca3e-65db-4716-ba9b-70fbb0dc3993) [propertyChangedRenderingControlProxy]
2016.04.27 19:19:56.923 DEBUG:    A property on RenderingControl proxy has changed (Device: uuid:1644ca3e-65db-4716-ba9b-70fbb0dc3993) [propertyChangedRenderingControlProxy]
2016.04.27 19:19:56.923 DEBUG:    A property on RenderingControl proxy has changed (Device: uuid:1644ca3e-65db-4716-ba9b-70fbb0dc3993) [propertyChangedRenderingControlProxy]
2016.04.27 19:19:57.184 DEBUG:    UPNP Device found: Speaker Bad(41aa6673-745a-481b-b075-28876332af2e) [onDeviceFound]
2016.04.27 19:19:57.185 DEBUG:    Adding device 'Speaker Bad' to manager [addDevice]
2016.04.27 19:19:57.185 DEBUG:    Try to create device from device XML [createDeviceFromDeviceXML]
2016.04.27 19:19:57.185 DEBUG:    Createing device (uuid:41aa6673-745a-481b-b075-28876332af2e) [createDeviceFromDeviceXML]
2016.04.27 19:19:57.185 DEBUG:    Media Renderer device created (uuid:41aa6673-745a-481b-b075-28876332af2e) [createDeviceFromDeviceXML]
2016.04.27 19:19:57.185 DEBUG:    Create AVTransport-Proxy for media renderer uuid:41aa6673-745a-481b-b075-28876332af2e [createProxies]
2016.04.27 19:19:57.185 DEBUG:    Create RenderingControl-Proxy for media renderer uuid:41aa6673-745a-481b-b075-28876332af2e [createProxies]
2016.04.27 19:19:57.185 DEBUG:    Create ConnectionManager-Proxy for media renderer uuid:41aa6673-745a-481b-b075-28876332af2e [createProxies]
2016.04.27 19:19:57.185 DEBUG:    Media Renderer 'Speaker Bad' is now useable! [addDevice]
2016.04.27 19:19:57.230 DEBUG:    UPNP Device found: Raumfeld Device(3b070af8-59b7-484c-b34c-33397d7b3efb) [onDeviceFound]
2016.04.27 19:19:57.230 DEBUG:    Adding device 'Raumfeld Device' to manager [addDevice]
2016.04.27 19:19:57.230 DEBUG:    Try to create device from device XML [createDeviceFromDeviceXML]
2016.04.27 19:19:57.230 DEBUG:    No device was created for uuid:3b070af8-59b7-484c-b34c-33397d7b3efb. Device is not usable! [createDeviceFromDeviceXML]
2016.04.27 19:19:57.237 DEBUG:    A property on RenderingControl proxy has changed (Device: uuid:41aa6673-745a-481b-b075-28876332af2e) [propertyChangedRenderingControlProxy]
2016.04.27 19:19:57.237 DEBUG:    A property on RenderingControl proxy has changed (Device: uuid:41aa6673-745a-481b-b075-28876332af2e) [propertyChangedRenderingControlProxy]
2016.04.27 19:19:57.237 DEBUG:    A property on RenderingControl proxy has changed (Device: uuid:41aa6673-745a-481b-b075-28876332af2e) [propertyChangedRenderingControlProxy]
2016.04.27 19:19:57.245 DEBUG:    A property on AvTransport proxy has changed (Device: uuid:41aa6673-745a-481b-b075-28876332af2e) [propertyChangedAvTransportProxy]
2016.04.27 19:19:57.245 DEBUG:    A property on AvTransport proxy has changed (Device: uuid:41aa6673-745a-481b-b075-28876332af2e) [propertyChangedAvTransportProxy]
2016.04.27 19:19:57.245 DEBUG:    A property on AvTransport proxy has changed (Device: uuid:41aa6673-745a-481b-b075-28876332af2e) [propertyChangedAvTransportProxy]
2016.04.27 19:19:57.330 DEBUG:    UPNP Device found: Raumfeld Device(3cdc0e3e-c175-4a42-9594-6a3c7843a4c6) [onDeviceFound]
2016.04.27 19:19:57.330 DEBUG:    Adding device 'Raumfeld Device' to manager [addDevice]
2016.04.27 19:19:57.330 DEBUG:    Try to create device from device XML [createDeviceFromDeviceXML]
2016.04.27 19:19:57.330 DEBUG:    No device was created for uuid:3cdc0e3e-c175-4a42-9594-6a3c7843a4c6. Device is not usable! [createDeviceFromDeviceXML]
2016.04.27 19:19:57.571 DEBUG:    UPNP Device found: Raumfeld ConfigDevice(988375f7-b64e-4f52-b750-5af902a3e502) [onDeviceFound]
2016.04.27 19:19:57.571 DEBUG:    Adding device 'Raumfeld ConfigDevice' to manager [addDevice]
2016.04.27 19:19:57.571 DEBUG:    Try to create device from device XML [createDeviceFromDeviceXML]
2016.04.27 19:19:57.571 DEBUG:    No device was created for uuid:988375f7-b64e-4f52-b750-5af902a3e502. Device is not usable! [createDeviceFromDeviceXML]
2016.04.27 19:19:57.591 DEBUG:    UPNP Device found: 300Mbps Wireless N Gigabit ADSL2+ Modem Router TD-W8970(9f0865b3-f5da-4ad5-85b7-7404637fdf37) [onDeviceFound]
2016.04.27 19:19:57.591 DEBUG:    Adding device '300Mbps Wireless N Gigabit ADSL2+ Modem Router TD-W8970' to manager [addDevice]
2016.04.27 19:19:57.591 DEBUG:    Try to create device from device XML [createDeviceFromDeviceXML]
2016.04.27 19:19:57.591 DEBUG:    No device was created for uuid:9f0865b3-f5da-4ad5-85b7-7404637fdf37. Device is not usable! [createDeviceFromDeviceXML]
2016.04.27 19:19:57.820 DEBUG:    UPNP Device found: Bad(e8f87343-d95a-482d-90a8-79f9aab7713b) [onDeviceFound]
2016.04.27 19:19:57.820 DEBUG:    Adding device 'Bad' to manager [addDevice]
2016.04.27 19:19:57.820 DEBUG:    Try to create device from device XML [createDeviceFromDeviceXML]
2016.04.27 19:19:57.820 DEBUG:    Createing device (uuid:e8f87343-d95a-482d-90a8-79f9aab7713b) [createDeviceFromDeviceXML]
2016.04.27 19:19:57.820 DEBUG:    Media Renderer device created (uuid:e8f87343-d95a-482d-90a8-79f9aab7713b) [createDeviceFromDeviceXML]
2016.04.27 19:19:57.820 DEBUG:    Create AVTransport-Proxy for media renderer uuid:e8f87343-d95a-482d-90a8-79f9aab7713b [createProxies]
2016.04.27 19:19:57.821 DEBUG:    Create RenderingControl-Proxy for media renderer uuid:e8f87343-d95a-482d-90a8-79f9aab7713b [createProxies]
2016.04.27 19:19:57.821 DEBUG:    Create ConnectionManager-Proxy for media renderer uuid:e8f87343-d95a-482d-90a8-79f9aab7713b [createProxies]
2016.04.27 19:19:57.821 DEBUG:    Media Renderer 'Bad' is now useable! [addDevice]
2016.04.27 19:19:57.848 DEBUG:    A property on RenderingControl proxy has changed (Device: uuid:e8f87343-d95a-482d-90a8-79f9aab7713b) [propertyChangedRenderingControlProxy]
2016.04.27 19:19:57.848 DEBUG:    A property on RenderingControl proxy has changed (Device: uuid:e8f87343-d95a-482d-90a8-79f9aab7713b) [propertyChangedRenderingControlProxy]
2016.04.27 19:19:57.848 DEBUG:    A property on RenderingControl proxy has changed (Device: uuid:e8f87343-d95a-482d-90a8-79f9aab7713b) [propertyChangedRenderingControlProxy]
2016.04.27 19:19:57.851 DEBUG:    A property on AvTransport proxy has changed (Device: uuid:e8f87343-d95a-482d-90a8-79f9aab7713b) [propertyChangedAvTransportProxy]
2016.04.27 19:19:57.851 DEBUG:    A property on AvTransport proxy has changed (Device: uuid:e8f87343-d95a-482d-90a8-79f9aab7713b) [propertyChangedAvTransportProxy]
2016.04.27 19:19:57.851 DEBUG:    A property on AvTransport proxy has changed (Device: uuid:e8f87343-d95a-482d-90a8-79f9aab7713b) [propertyChangedAvTransportProxy]
2016.04.27 19:19:57.881 DEBUG:    UPNP Device found: Raumfeld MediaServer(f9fb29f4-334d-4a94-afcf-8b382982a9bd) [onDeviceFound]
2016.04.27 19:19:57.881 DEBUG:    Adding device 'Raumfeld MediaServer' to manager [addDevice]
2016.04.27 19:19:57.881 DEBUG:    Try to create device from device XML [createDeviceFromDeviceXML]
2016.04.27 19:19:57.881 DEBUG:    Media Server device created (uuid:f9fb29f4-334d-4a94-afcf-8b382982a9bd) [createDeviceFromDeviceXML]
2016.04.27 19:19:57.881 DEBUG:    Create ContentDirectory-Proxy for media server uuid:f9fb29f4-334d-4a94-afcf-8b382982a9bd [createProxies]
2016.04.27 19:19:57.881 DEBUG:    Create ConnectionManager-Proxy for media server uuid:f9fb29f4-334d-4a94-afcf-8b382982a9bd [createProxies]
2016.04.27 19:19:57.881 DEBUG:    Media Server 'Raumfeld MediaServer' is now useable! [addDevice]
2016.04.27 19:19:57.881 DEBUG:    Starting all automatic requests of zone manager! [startZoneRequests]
2016.04.27 19:19:57.881 DEBUG:    Get zone configuration with updateId:  [doGetZoneRequest]
2016.04.27 19:19:57.881 DEBUG:    Try to create new request: http://10.0.0.1:47365/getZones [request]
2016.04.27 19:19:57.881 DEBUG:    Request '9386339' (http://10.0.0.1:47365/getZones) started [request]
2016.04.27 19:19:57.881 INFO:     Raumfeld System is now online! [onRaumfeldSystemOnline]
2016.04.27 19:19:57.920 DEBUG:    Redirection to url 'http://10.0.0.1:47365/e61b0f59-138c-4616-a53f-c3ff1318c582/getZones' found! Do redirect request 9386339 [requestHandlerThread]
2016.04.27 19:19:57.920 DEBUG:    Aborting current request [requestHandlerThread]
2016.04.27 19:19:57.929 DEBUG:    Aborting of request object thread done! [requestHandlerThread]
2016.04.27 19:19:57.991 DEBUG:    Emitting signal for finished requests [requestHandlerThread]
2016.04.27 19:19:57.991 DEBUG:    Zone configuration request finished [zoneRequestFinished]
2016.04.27 19:19:57.991 DEBUG:    Parsing zone configuration XML [parseZoneConfiguration]
2016.04.27 19:19:57.991 DEBUG:    Found zone in XML -> Parse! [parseZoneConfiguration]
2016.04.27 19:19:57.991 DEBUG:    Parsing zone node... [addZoneInformationFromXmlNode]
2016.04.27 19:19:57.991 DEBUG:    Parsing zone node... [addZoneInformationFromXmlNode]
2016.04.27 19:19:57.991 DEBUG:    Found unassignedRooms in XML -> Parse! [parseZoneConfiguration]
2016.04.27 19:19:57.992 DEBUG:    Signaling one configuration changed! [parseZoneConfiguration]
2016.04.27 19:19:57.992 DEBUG:    Parsing zone configuration XML finished [parseZoneConfiguration]
2016.04.27 19:19:57.992 DEBUG:    Get zone configuration with updateId: 3799877761 [doGetZoneRequest]
2016.04.27 19:19:57.992 DEBUG:    Try to create new request: http://10.0.0.1:47365/getZones [request]
2016.04.27 19:19:57.992 DEBUG:    Request '9386340' (http://10.0.0.1:47365/getZones) started [request]
2016.04.27 19:19:57.992 DEBUG:    Emitting signal for finished requests finished [requestHandlerThread]
2016.04.27 19:19:57.992 DEBUG:    Clearing finished requests list [requestHandlerThread]
2016.04.27 19:19:57.992 DEBUG:    Delete request '9386339' from pending list [cleanupRequests]
2016.04.27 19:19:57.994 DEBUG:    Requests cleaned up! Count: 1 [cleanupRequests]
2016.04.27 19:19:58.039 DEBUG:    Redirection to url 'http://10.0.0.1:47365/6a293a48-c2bb-4c49-a13c-57796e2d023f/getZones' found! Do redirect request 9386340 [requestHandlerThread]
2016.04.27 19:19:58.039 DEBUG:    Aborting current request [requestHandlerThread]
2016.04.27 19:19:58.041 DEBUG:    Aborting of request object thread done! [requestHandlerThread]
2016.04.27 19:19:58.288 DEBUG:    UPNP Device found: Speaker Schlafzimmer(bf905eb0-635d-40f7-8fdc-d888940503d2) [onDeviceFound]
2016.04.27 19:19:58.288 DEBUG:    Adding device 'Speaker Schlafzimmer' to manager [addDevice]
2016.04.27 19:19:58.288 DEBUG:    Try to create device from device XML [createDeviceFromDeviceXML]
2016.04.27 19:19:58.288 DEBUG:    Createing device (uuid:bf905eb0-635d-40f7-8fdc-d888940503d2) [createDeviceFromDeviceXML]
2016.04.27 19:19:58.288 DEBUG:    Media Renderer device created (uuid:bf905eb0-635d-40f7-8fdc-d888940503d2) [createDeviceFromDeviceXML]
2016.04.27 19:19:58.288 DEBUG:    Create AVTransport-Proxy for media renderer uuid:bf905eb0-635d-40f7-8fdc-d888940503d2 [createProxies]
2016.04.27 19:19:58.288 DEBUG:    Create RenderingControl-Proxy for media renderer uuid:bf905eb0-635d-40f7-8fdc-d888940503d2 [createProxies]
2016.04.27 19:19:58.289 DEBUG:    Create ConnectionManager-Proxy for media renderer uuid:bf905eb0-635d-40f7-8fdc-d888940503d2 [createProxies]
2016.04.27 19:19:58.289 DEBUG:    Media Renderer 'Speaker Schlafzimmer' is now useable! [addDevice]
2016.04.27 19:19:58.392 DEBUG:    A property on AvTransport proxy has changed (Device: uuid:bf905eb0-635d-40f7-8fdc-d888940503d2) [propertyChangedAvTransportProxy]
2016.04.27 19:19:58.392 DEBUG:    A property on AvTransport proxy has changed (Device: uuid:bf905eb0-635d-40f7-8fdc-d888940503d2) [propertyChangedAvTransportProxy]
2016.04.27 19:19:58.392 DEBUG:    A property on AvTransport proxy has changed (Device: uuid:bf905eb0-635d-40f7-8fdc-d888940503d2) [propertyChangedAvTransportProxy]
2016.04.27 19:19:58.404 DEBUG:    A property on RenderingControl proxy has changed (Device: uuid:bf905eb0-635d-40f7-8fdc-d888940503d2) [propertyChangedRenderingControlProxy]
2016.04.27 19:19:58.404 DEBUG:    A property on RenderingControl proxy has changed (Device: uuid:bf905eb0-635d-40f7-8fdc-d888940503d2) [propertyChangedRenderingControlProxy]
2016.04.27 19:19:58.404 DEBUG:    A property on RenderingControl proxy has changed (Device: uuid:bf905eb0-635d-40f7-8fdc-d888940503d2) [propertyChangedRenderingControlProxy]
2016.04.27 19:19:59.211 DEBUG:    UPNP Device found: Connector Wohnzimmer(19f951a5-a33c-4f05-aa42-6ea0bdc25dd4) [onDeviceFound]
2016.04.27 19:19:59.211 DEBUG:    Adding device 'Connector Wohnzimmer' to manager [addDevice]
2016.04.27 19:19:59.211 DEBUG:    Try to create device from device XML [createDeviceFromDeviceXML]
2016.04.27 19:19:59.211 DEBUG:    Createing device (uuid:19f951a5-a33c-4f05-aa42-6ea0bdc25dd4) [createDeviceFromDeviceXML]
2016.04.27 19:19:59.211 DEBUG:    Media Renderer device created (uuid:19f951a5-a33c-4f05-aa42-6ea0bdc25dd4) [createDeviceFromDeviceXML]
2016.04.27 19:19:59.211 DEBUG:    Create AVTransport-Proxy for media renderer uuid:19f951a5-a33c-4f05-aa42-6ea0bdc25dd4 [createProxies]
2016.04.27 19:19:59.211 DEBUG:    Create RenderingControl-Proxy for media renderer uuid:19f951a5-a33c-4f05-aa42-6ea0bdc25dd4 [createProxies]
2016.04.27 19:19:59.211 DEBUG:    Create ConnectionManager-Proxy for media renderer uuid:19f951a5-a33c-4f05-aa42-6ea0bdc25dd4 [createProxies]
2016.04.27 19:19:59.212 DEBUG:    Media Renderer 'Connector Wohnzimmer' is now useable! [addDevice]
2016.04.27 19:19:59.232 DEBUG:    UPNP Device found: Raumfeld Device(6a1e8f58-beca-4837-b8f0-630941227e34) [onDeviceFound]
2016.04.27 19:19:59.232 DEBUG:    Adding device 'Raumfeld Device' to manager [addDevice]
2016.04.27 19:19:59.232 DEBUG:    Try to create device from device XML [createDeviceFromDeviceXML]
2016.04.27 19:19:59.232 DEBUG:    No device was created for uuid:6a1e8f58-beca-4837-b8f0-630941227e34. Device is not usable! [createDeviceFromDeviceXML]
2016.04.27 19:19:59.254 DEBUG:    UPNP Device found: Raumfeld Device(0dc99034-631d-4feb-807e-17085a55e92c) [onDeviceFound]
2016.04.27 19:19:59.254 DEBUG:    Adding device 'Raumfeld Device' to manager [addDevice]
2016.04.27 19:19:59.254 DEBUG:    Try to create device from device XML [createDeviceFromDeviceXML]
2016.04.27 19:19:59.254 DEBUG:    No device was created for uuid:0dc99034-631d-4feb-807e-17085a55e92c. Device is not usable! [createDeviceFromDeviceXML]
2016.04.27 19:19:59.340 DEBUG:    A property on AvTransport proxy has changed (Device: uuid:19f951a5-a33c-4f05-aa42-6ea0bdc25dd4) [propertyChangedAvTransportProxy]
2016.04.27 19:19:59.340 DEBUG:    A property on AvTransport proxy has changed (Device: uuid:19f951a5-a33c-4f05-aa42-6ea0bdc25dd4) [propertyChangedAvTransportProxy]
2016.04.27 19:19:59.340 DEBUG:    A property on AvTransport proxy has changed (Device: uuid:19f951a5-a33c-4f05-aa42-6ea0bdc25dd4) [propertyChangedAvTransportProxy]
