2016.05.02 18:03:17.529 DEBUG:    Log level was set to: DEBUG [init]
2016.05.02 18:03:17.529 DEBUG:    Init OpenHome UPNP Control Stack [init]
2016.05.02 18:03:17.529 INFO:     Network adapter name not specified! Raumkernel will use the first one found! [init]
2016.05.02 18:03:17.529 DEBUG:    Retrieve network adapter list [init]
2016.05.02 18:03:17.530 DEBUG:    Adapter 0: enp0s3 [init]
2016.05.02 18:03:17.530 DEBUG:    Using Network Adapter : enp0s3 [init]
2016.05.02 18:03:17.530 DEBUG:    Getting IP-Subnet of adapter [init]
2016.05.02 18:03:17.530 INFO:     Starting OpenHome UPNP Control Stack with network adapter: enp0s3 [init]
2016.05.02 18:03:17.534 WARNING:  UPNP refresh time is not set. Will use Standard value of 5000ms [discover]
2016.05.02 18:03:17.534 DEBUG:    Starting UPNP-Stack auto referesh thread [discover]
2016.05.02 18:03:17.534 INFO:     Kernel initialized! Waiting for Raumfeld System to appear! [init]
2016.05.02 18:03:17.534 DEBUG:    Preparing Server-Manager-Engineer... [init]
2016.05.02 18:03:17.535 DEBUG:    Create RequestActionManager-Manager... [createManagers]
2016.05.02 18:03:17.535 DEBUG:    Raumserver Manager-Engineer is prepared [init]
2016.05.02 18:03:17.535 DEBUG:    Starting webserver for requests on port: 8080 [start]
2016.05.02 18:03:17.555 INFO:     Webserver for requests started (Port: 8080) [start]
2016.05.02 18:03:17.579 DEBUG:    UPNP Device found: Raumfeld Device(3cdc0e3e-c175-4a42-9594-6a3c7843a4c6) [onDeviceFound]
2016.05.02 18:03:17.579 DEBUG:    Adding device 'Raumfeld Device' to manager [addDevice]
2016.05.02 18:03:17.579 DEBUG:    Try to create device from device XML [createDeviceFromDeviceXML]
2016.05.02 18:03:17.579 DEBUG:    No device was created for uuid:3cdc0e3e-c175-4a42-9594-6a3c7843a4c6. Device is not usable! [createDeviceFromDeviceXML]
2016.05.02 18:03:17.609 DEBUG:    UPNP Device found: Schlafzimmer(1644ca3e-65db-4716-ba9b-70fbb0dc3993) [onDeviceFound]
2016.05.02 18:03:17.609 DEBUG:    Adding device 'Schlafzimmer' to manager [addDevice]
2016.05.02 18:03:17.609 DEBUG:    Try to create device from device XML [createDeviceFromDeviceXML]
2016.05.02 18:03:17.609 DEBUG:    Createing device (uuid:1644ca3e-65db-4716-ba9b-70fbb0dc3993) [createDeviceFromDeviceXML]
2016.05.02 18:03:17.609 DEBUG:    Media Renderer device created (uuid:1644ca3e-65db-4716-ba9b-70fbb0dc3993) [createDeviceFromDeviceXML]
2016.05.02 18:03:17.609 DEBUG:    Create AVTransport-Proxy for media renderer uuid:1644ca3e-65db-4716-ba9b-70fbb0dc3993 [createProxies]
2016.05.02 18:03:17.610 DEBUG:    Create RenderingControl-Proxy for media renderer uuid:1644ca3e-65db-4716-ba9b-70fbb0dc3993 [createProxies]
2016.05.02 18:03:17.610 DEBUG:    Create ConnectionManager-Proxy for media renderer uuid:1644ca3e-65db-4716-ba9b-70fbb0dc3993 [createProxies]
2016.05.02 18:03:17.610 DEBUG:    Media Renderer 'Schlafzimmer' is now useable! [addDevice]
2016.05.02 18:03:17.648 DEBUG:    A property on AvTransport proxy has changed (Device: uuid:1644ca3e-65db-4716-ba9b-70fbb0dc3993) [propertyChangedAvTransportProxy]
2016.05.02 18:03:17.649 DEBUG:    A property on AvTransport proxy has changed (Device: uuid:1644ca3e-65db-4716-ba9b-70fbb0dc3993) [propertyChangedAvTransportProxy]
2016.05.02 18:03:17.649 DEBUG:    A property on AvTransport proxy has changed (Device: uuid:1644ca3e-65db-4716-ba9b-70fbb0dc3993) [propertyChangedAvTransportProxy]
2016.05.02 18:03:17.650 DEBUG:    A property on RenderingControl proxy has changed (Device: uuid:1644ca3e-65db-4716-ba9b-70fbb0dc3993) [propertyChangedRenderingControlProxy]
2016.05.02 18:03:17.650 DEBUG:    A property on RenderingControl proxy has changed (Device: uuid:1644ca3e-65db-4716-ba9b-70fbb0dc3993) [propertyChangedRenderingControlProxy]
2016.05.02 18:03:17.650 DEBUG:    A property on RenderingControl proxy has changed (Device: uuid:1644ca3e-65db-4716-ba9b-70fbb0dc3993) [propertyChangedRenderingControlProxy]
2016.05.02 18:03:17.651 DEBUG:    UPNP Device found: Raumfeld Device(0dc99034-631d-4feb-807e-17085a55e92c) [onDeviceFound]
2016.05.02 18:03:17.651 DEBUG:    Adding device 'Raumfeld Device' to manager [addDevice]
2016.05.02 18:03:17.652 DEBUG:    Try to create device from device XML [createDeviceFromDeviceXML]
2016.05.02 18:03:17.652 DEBUG:    No device was created for uuid:0dc99034-631d-4feb-807e-17085a55e92c. Device is not usable! [createDeviceFromDeviceXML]
2016.05.02 18:03:17.728 DEBUG:    UPNP Device found: Connector Wohnzimmer(19f951a5-a33c-4f05-aa42-6ea0bdc25dd4) [onDeviceFound]
2016.05.02 18:03:17.728 DEBUG:    Adding device 'Connector Wohnzimmer' to manager [addDevice]
2016.05.02 18:03:17.728 DEBUG:    Try to create device from device XML [createDeviceFromDeviceXML]
2016.05.02 18:03:17.728 DEBUG:    Createing device (uuid:19f951a5-a33c-4f05-aa42-6ea0bdc25dd4) [createDeviceFromDeviceXML]
2016.05.02 18:03:17.728 DEBUG:    Media Renderer device created (uuid:19f951a5-a33c-4f05-aa42-6ea0bdc25dd4) [createDeviceFromDeviceXML]
2016.05.02 18:03:17.728 DEBUG:    Create AVTransport-Proxy for media renderer uuid:19f951a5-a33c-4f05-aa42-6ea0bdc25dd4 [createProxies]
2016.05.02 18:03:17.728 DEBUG:    Create RenderingControl-Proxy for media renderer uuid:19f951a5-a33c-4f05-aa42-6ea0bdc25dd4 [createProxies]
2016.05.02 18:03:17.728 DEBUG:    Create ConnectionManager-Proxy for media renderer uuid:19f951a5-a33c-4f05-aa42-6ea0bdc25dd4 [createProxies]
2016.05.02 18:03:17.728 DEBUG:    Media Renderer 'Connector Wohnzimmer' is now useable! [addDevice]
2016.05.02 18:03:17.755 DEBUG:    UPNP Device found: Raumfeld ConfigDevice(988375f7-b64e-4f52-b750-5af902a3e502) [onDeviceFound]
2016.05.02 18:03:17.755 DEBUG:    Adding device 'Raumfeld ConfigDevice' to manager [addDevice]
2016.05.02 18:03:17.755 DEBUG:    Try to create device from device XML [createDeviceFromDeviceXML]
2016.05.02 18:03:17.755 DEBUG:    No device was created for uuid:988375f7-b64e-4f52-b750-5af902a3e502. Device is not usable! [createDeviceFromDeviceXML]
2016.05.02 18:03:17.823 DEBUG:    A property on RenderingControl proxy has changed (Device: uuid:19f951a5-a33c-4f05-aa42-6ea0bdc25dd4) [propertyChangedRenderingControlProxy]
2016.05.02 18:03:17.823 DEBUG:    A property on RenderingControl proxy has changed (Device: uuid:19f951a5-a33c-4f05-aa42-6ea0bdc25dd4) [propertyChangedRenderingControlProxy]
2016.05.02 18:03:17.823 DEBUG:    A property on RenderingControl proxy has changed (Device: uuid:19f951a5-a33c-4f05-aa42-6ea0bdc25dd4) [propertyChangedRenderingControlProxy]
2016.05.02 18:03:17.834 DEBUG:    A property on AvTransport proxy has changed (Device: uuid:19f951a5-a33c-4f05-aa42-6ea0bdc25dd4) [propertyChangedAvTransportProxy]
2016.05.02 18:03:17.835 DEBUG:    A property on AvTransport proxy has changed (Device: uuid:19f951a5-a33c-4f05-aa42-6ea0bdc25dd4) [propertyChangedAvTransportProxy]
2016.05.02 18:03:17.835 DEBUG:    A property on AvTransport proxy has changed (Device: uuid:19f951a5-a33c-4f05-aa42-6ea0bdc25dd4) [propertyChangedAvTransportProxy]
2016.05.02 18:03:17.935 DEBUG:    UPNP Device found: Speaker Schlafzimmer(bf905eb0-635d-40f7-8fdc-d888940503d2) [onDeviceFound]
2016.05.02 18:03:17.935 DEBUG:    Adding device 'Speaker Schlafzimmer' to manager [addDevice]
2016.05.02 18:03:17.936 DEBUG:    Try to create device from device XML [createDeviceFromDeviceXML]
2016.05.02 18:03:17.936 DEBUG:    Createing device (uuid:bf905eb0-635d-40f7-8fdc-d888940503d2) [createDeviceFromDeviceXML]
2016.05.02 18:03:17.936 DEBUG:    Media Renderer device created (uuid:bf905eb0-635d-40f7-8fdc-d888940503d2) [createDeviceFromDeviceXML]
2016.05.02 18:03:17.936 DEBUG:    Create AVTransport-Proxy for media renderer uuid:bf905eb0-635d-40f7-8fdc-d888940503d2 [createProxies]
2016.05.02 18:03:17.936 DEBUG:    Create RenderingControl-Proxy for media renderer uuid:bf905eb0-635d-40f7-8fdc-d888940503d2 [createProxies]
2016.05.02 18:03:17.936 DEBUG:    Create ConnectionManager-Proxy for media renderer uuid:bf905eb0-635d-40f7-8fdc-d888940503d2 [createProxies]
2016.05.02 18:03:17.936 DEBUG:    Media Renderer 'Speaker Schlafzimmer' is now useable! [addDevice]
2016.05.02 18:03:18.033 DEBUG:    A property on AvTransport proxy has changed (Device: uuid:bf905eb0-635d-40f7-8fdc-d888940503d2) [propertyChangedAvTransportProxy]
2016.05.02 18:03:18.033 DEBUG:    A property on AvTransport proxy has changed (Device: uuid:bf905eb0-635d-40f7-8fdc-d888940503d2) [propertyChangedAvTransportProxy]
2016.05.02 18:03:18.033 DEBUG:    A property on AvTransport proxy has changed (Device: uuid:bf905eb0-635d-40f7-8fdc-d888940503d2) [propertyChangedAvTransportProxy]
2016.05.02 18:03:18.045 DEBUG:    A property on RenderingControl proxy has changed (Device: uuid:bf905eb0-635d-40f7-8fdc-d888940503d2) [propertyChangedRenderingControlProxy]
2016.05.02 18:03:18.045 DEBUG:    A property on RenderingControl proxy has changed (Device: uuid:bf905eb0-635d-40f7-8fdc-d888940503d2) [propertyChangedRenderingControlProxy]
2016.05.02 18:03:18.045 DEBUG:    A property on RenderingControl proxy has changed (Device: uuid:bf905eb0-635d-40f7-8fdc-d888940503d2) [propertyChangedRenderingControlProxy]
2016.05.02 18:03:18.049 DEBUG:    UPNP Device found: Raumfeld MediaServer(f9fb29f4-334d-4a94-afcf-8b382982a9bd) [onDeviceFound]
2016.05.02 18:03:18.049 DEBUG:    Adding device 'Raumfeld MediaServer' to manager [addDevice]
2016.05.02 18:03:18.049 DEBUG:    Try to create device from device XML [createDeviceFromDeviceXML]
2016.05.02 18:03:18.049 DEBUG:    Media Server device created (uuid:f9fb29f4-334d-4a94-afcf-8b382982a9bd) [createDeviceFromDeviceXML]
2016.05.02 18:03:18.049 DEBUG:    Create ContentDirectory-Proxy for media server uuid:f9fb29f4-334d-4a94-afcf-8b382982a9bd [createProxies]
2016.05.02 18:03:18.049 DEBUG:    Create ConnectionManager-Proxy for media server uuid:f9fb29f4-334d-4a94-afcf-8b382982a9bd [createProxies]
2016.05.02 18:03:18.049 DEBUG:    Media Server 'Raumfeld MediaServer' is now useable! [addDevice]
2016.05.02 18:03:18.049 DEBUG:    Starting all automatic requests of zone manager! [startZoneRequests]
2016.05.02 18:03:18.049 DEBUG:    Get zone configuration with updateId:  [doGetZoneRequest]
2016.05.02 18:03:18.049 DEBUG:    Try to create new request: http://10.0.0.1:47365/getZones [request]
2016.05.02 18:03:18.050 DEBUG:    Request '4300570' (http://10.0.0.1:47365/getZones) started [request]
2016.05.02 18:03:18.050 INFO:     Raumfeld System is now online! [onRaumfeldSystemOnline]
2016.05.02 18:03:18.086 DEBUG:    Redirection to url 'http://10.0.0.1:47365/d27fcf10-8293-48ff-ba92-009dcc36ad9d/getZones' found! Do redirect request 4300570 [requestHandlerThread]
2016.05.02 18:03:18.086 DEBUG:    Aborting current request [requestHandlerThread]
2016.05.02 18:03:18.092 DEBUG:    Aborting of request object thread done! [requestHandlerThread]
2016.05.02 18:03:18.154 DEBUG:    Emitting signal for finished requests [requestHandlerThread]
2016.05.02 18:03:18.154 DEBUG:    Zone configuration request finished [zoneRequestFinished]
2016.05.02 18:03:18.154 DEBUG:    Parsing zone configuration XML [parseZoneConfiguration]
2016.05.02 18:03:18.154 DEBUG:    Found zone in XML -> Parse! [parseZoneConfiguration]
2016.05.02 18:03:18.154 DEBUG:    Parsing zone node... [addZoneInformationFromXmlNode]
2016.05.02 18:03:18.154 DEBUG:    Found unassignedRooms in XML -> Parse! [parseZoneConfiguration]
2016.05.02 18:03:18.154 DEBUG:    Signaling one configuration changed! [parseZoneConfiguration]
2016.05.02 18:03:18.154 DEBUG:    Parsing zone configuration XML finished [parseZoneConfiguration]
2016.05.02 18:03:18.154 DEBUG:    Get zone configuration with updateId: 4023338231 [doGetZoneRequest]
2016.05.02 18:03:18.154 DEBUG:    Try to create new request: http://10.0.0.1:47365/getZones [request]
2016.05.02 18:03:18.154 DEBUG:    Request '4300571' (http://10.0.0.1:47365/getZones) started [request]
2016.05.02 18:03:18.154 DEBUG:    Emitting signal for finished requests finished [requestHandlerThread]
2016.05.02 18:03:18.154 DEBUG:    Clearing finished requests list [requestHandlerThread]
2016.05.02 18:03:18.154 DEBUG:    Delete request '4300570' from pending list [cleanupRequests]
2016.05.02 18:03:18.156 DEBUG:    Requests cleaned up! Count: 1 [cleanupRequests]
2016.05.02 18:03:18.198 DEBUG:    Redirection to url 'http://10.0.0.1:47365/f84fe048-45ab-4c3f-8b48-327f9079a56f/getZones' found! Do redirect request 4300571 [requestHandlerThread]
2016.05.02 18:03:18.198 DEBUG:    Aborting current request [requestHandlerThread]
2016.05.02 18:03:18.200 DEBUG:    Aborting of request object thread done! [requestHandlerThread]
2016.05.02 18:03:18.214 DEBUG:    UPNP Device found: Raumfeld Device(3b070af8-59b7-484c-b34c-33397d7b3efb) [onDeviceFound]
2016.05.02 18:03:18.214 DEBUG:    Adding device 'Raumfeld Device' to manager [addDevice]
2016.05.02 18:03:18.214 DEBUG:    Try to create device from device XML [createDeviceFromDeviceXML]
2016.05.02 18:03:18.214 DEBUG:    No device was created for uuid:3b070af8-59b7-484c-b34c-33397d7b3efb. Device is not usable! [createDeviceFromDeviceXML]
2016.05.02 18:03:18.549 DEBUG:    UPNP Device found: 300Mbps Wireless N Gigabit ADSL2+ Modem Router TD-W8970(9f0865b3-f5da-4ad5-85b7-7404637fdf37) [onDeviceFound]
2016.05.02 18:03:18.549 DEBUG:    Adding device '300Mbps Wireless N Gigabit ADSL2+ Modem Router TD-W8970' to manager [addDevice]
2016.05.02 18:03:18.549 DEBUG:    Try to create device from device XML [createDeviceFromDeviceXML]
2016.05.02 18:03:18.549 DEBUG:    No device was created for uuid:9f0865b3-f5da-4ad5-85b7-7404637fdf37. Device is not usable! [createDeviceFromDeviceXML]
2016.05.02 18:03:18.553 DEBUG:    UPNP Device found: 300Mbps Wireless N Gigabit ADSL2+ Modem Router TD-W8970(9f0865b3-f5da-4ad5-85b7-7404637fdf38) [onDeviceFound]
2016.05.02 18:03:18.554 DEBUG:    Adding device '300Mbps Wireless N Gigabit ADSL2+ Modem Router TD-W8970' to manager [addDevice]
2016.05.02 18:03:18.554 DEBUG:    Try to create device from device XML [createDeviceFromDeviceXML]
2016.05.02 18:03:18.554 DEBUG:    No device was created for uuid:9f0865b3-f5da-4ad5-85b7-7404637fdf37. Device is not usable! [createDeviceFromDeviceXML]
2016.05.02 18:03:18.556 DEBUG:    UPNP Device found: 300Mbps Wireless N Gigabit ADSL2+ Modem Router TD-W8970(9f0865b3-f5da-4ad5-85b7-7404637fdf39) [onDeviceFound]
2016.05.02 18:03:18.556 DEBUG:    Adding device '300Mbps Wireless N Gigabit ADSL2+ Modem Router TD-W8970' to manager [addDevice]
2016.05.02 18:03:18.556 DEBUG:    Try to create device from device XML [createDeviceFromDeviceXML]
2016.05.02 18:03:18.556 DEBUG:    No device was created for uuid:9f0865b3-f5da-4ad5-85b7-7404637fdf37. Device is not usable! [createDeviceFromDeviceXML]
2016.05.02 18:03:22.535 DEBUG:    Refreshing UPNP device list [refreshDeviceListThread]
2016.05.02 18:03:27.535 DEBUG:    Refreshing UPNP device list [refreshDeviceListThread]
2016.05.02 18:03:32.536 DEBUG:    Refreshing UPNP device list [refreshDeviceListThread]
2016.05.02 18:03:37.536 DEBUG:    Refreshing UPNP device list [refreshDeviceListThread]
